2023-12-24T03:38:13+00:00 CRITICAL Uncaught Error: Call to a member function get_cart_contents() on null in C:\laragon\www\pvamarkets\wp-content\themes\bcmarket-6\inc\woocommerce.php:391
Stack trace:
#0 C:\laragon\www\pvamarkets\wp-includes\class-wp-hook.php(324): bcmarket_gateway_by_wallet(Array)
#1 C:\laragon\www\pvamarkets\wp-includes\plugin.php(205): WP_Hook->apply_filters(Array, Array)
#2 C:\laragon\www\pvamarkets\wp-content\plugins\woocommerce\includes\class-wc-payment-gateways.php(163): apply_filters('woocommerce_ava...', Array)
#3 C:\laragon\www\pvamarkets\wp-content\plugins\woocommerce\src\Internal\Admin\WcPayWelcomePage.php(292): WC_Payment_Gateways->get_available_payment_gateways()
#4 C:\laragon\www\pvamarkets\wp-content\plugins\woocommerce\src\Internal\Admin\WcPayWelcomePage.php(82): Automattic\WooCommerce\Internal\Admin\WcPayWelcomePage->get_incentive()
#5 C:\laragon\www\pvamarkets\wp-content\plugins\woocommerce\src\Internal\Admin\Notes\PaymentsMoreInfoNeeded.php(42): Automattic\WooCommerce\Internal\Admin\WcPayWelcomePage->must_be_visible()
#6 C:\laragon\www\pvamarkets\wp-content\plugins\woocommerce\src\Internal\Admin\Notes\PaymentsMoreInfoNeeded.php(63): Automattic\WooCommerce\Internal\Admin\Notes\PaymentsMoreInfoNeeded::should_display_note()
#7 C:\laragon\www\pvamarkets\wp-content\plugins\woocommerce\src\Admin\Notes\NoteTraits.php(83): Automattic\WooCommerce\Internal\Admin\Notes\PaymentsMoreInfoNeeded::get_note()
#8 C:\laragon\www\pvamarkets\wp-content\plugins\woocommerce\src\Internal\Admin\Events.php(198): Automattic\WooCommerce\Internal\Admin\Notes\PaymentsMoreInfoNeeded::possibly_add_note()
#9 C:\laragon\www\pvamarkets\wp-content\plugins\woocommerce\src\Internal\Admin\Events.php(145): Automattic\WooCommerce\Internal\Admin\Events->possibly_add_notes()
#10 C:\laragon\www\pvamarkets\wp-includes\class-wp-hook.php(324): Automattic\WooCommerce\Internal\Admin\Events->do_wc_admin_daily()
#11 C:\laragon\www\pvamarkets\wp-includes\class-wp-hook.php(348): WP_Hook->apply_filters('', Array)
#12 C:\laragon\www\pvamarkets\wp-includes\plugin.php(565): WP_Hook->do_action(Array)
#13 C:\laragon\www\pvamarkets\wp-cron.php(191): do_action_ref_array('wc_admin_daily', Array)
#14 {main}
  thrown in C:\laragon\www\pvamarkets\wp-content\themes\bcmarket-6\inc\woocommerce.php on line 391

2023-12-24T04:20:48+00:00 CRITICAL Uncaught Error: Call to a member function get_cart_contents() on null in C:\laragon\www\pvamarkets\wp-content\themes\bcmarket-6\inc\woocommerce.php:391
Stack trace:
#0 C:\laragon\www\pvamarkets\wp-includes\class-wp-hook.php(324): bcmarket_gateway_by_wallet(Array)
#1 C:\laragon\www\pvamarkets\wp-includes\plugin.php(205): WP_Hook->apply_filters(Array, Array)
#2 C:\laragon\www\pvamarkets\wp-content\plugins\woocommerce\includes\class-wc-payment-gateways.php(163): apply_filters('woocommerce_ava...', Array)
#3 C:\laragon\www\pvamarkets\wp-content\plugins\woocommerce\src\Internal\Admin\WcPayWelcomePage.php(292): WC_Payment_Gateways->get_available_payment_gateways()
#4 C:\laragon\www\pvamarkets\wp-content\plugins\woocommerce\src\Internal\Admin\WcPayWelcomePage.php(82): Automattic\WooCommerce\Internal\Admin\WcPayWelcomePage->get_incentive()
#5 C:\laragon\www\pvamarkets\wp-content\plugins\woocommerce\src\Internal\Admin\Notes\PaymentsMoreInfoNeeded.php(42): Automattic\WooCommerce\Internal\Admin\WcPayWelcomePage->must_be_visible()
#6 C:\laragon\www\pvamarkets\wp-content\plugins\woocommerce\src\Internal\Admin\Notes\PaymentsMoreInfoNeeded.php(63): Automattic\WooCommerce\Internal\Admin\Notes\PaymentsMoreInfoNeeded::should_display_note()
#7 C:\laragon\www\pvamarkets\wp-content\plugins\woocommerce\src\Admin\Notes\NoteTraits.php(83): Automattic\WooCommerce\Internal\Admin\Notes\PaymentsMoreInfoNeeded::get_note()
#8 C:\laragon\www\pvamarkets\wp-content\plugins\woocommerce\src\Internal\Admin\Events.php(198): Automattic\WooCommerce\Internal\Admin\Notes\PaymentsMoreInfoNeeded::possibly_add_note()
#9 C:\laragon\www\pvamarkets\wp-content\plugins\woocommerce\src\Internal\Admin\Events.php(145): Automattic\WooCommerce\Internal\Admin\Events->possibly_add_notes()
#10 C:\laragon\www\pvamarkets\wp-includes\class-wp-hook.php(324): Automattic\WooCommerce\Internal\Admin\Events->do_wc_admin_daily()
#11 C:\laragon\www\pvamarkets\wp-includes\class-wp-hook.php(348): WP_Hook->apply_filters('', Array)
#12 C:\laragon\www\pvamarkets\wp-includes\plugin.php(565): WP_Hook->do_action(Array)
#13 C:\laragon\www\pvamarkets\wp-cron.php(191): do_action_ref_array('wc_admin_daily', Array)
#14 {main}
  thrown in C:\laragon\www\pvamarkets\wp-content\themes\bcmarket-6\inc\woocommerce.php on line 391

2023-12-24T04:55:36+00:00 CRITICAL Uncaught Error: Call to a member function get_cart_contents() on null in C:\laragon\www\pvamarkets\wp-content\themes\bcmarket-6\inc\woocommerce.php:391
Stack trace:
#0 C:\laragon\www\pvamarkets\wp-includes\class-wp-hook.php(324): bcmarket_gateway_by_wallet(Array)
#1 C:\laragon\www\pvamarkets\wp-includes\plugin.php(205): WP_Hook->apply_filters(Array, Array)
#2 C:\laragon\www\pvamarkets\wp-content\plugins\woocommerce\includes\class-wc-payment-gateways.php(163): apply_filters('woocommerce_ava...', Array)
#3 C:\laragon\www\pvamarkets\wp-content\plugins\woocommerce\src\Admin\Features\OnboardingTasks\Tasks\Payments.php(93): WC_Payment_Gateways->get_available_payment_gateways()
#4 C:\laragon\www\pvamarkets\wp-content\plugins\woocommerce\src\Admin\Features\OnboardingTasks\Tasks\Payments.php(71): Automattic\WooCommerce\Admin\Features\OnboardingTasks\Tasks\Payments::has_gateways()
#5 C:\laragon\www\pvamarkets\wp-content\plugins\woocommerce\src\Admin\Features\OnboardingTasks\Tasks\WooCommercePayments.php(103): Automattic\WooCommerce\Admin\Features\OnboardingTasks\Tasks\Payments->is_complete()
#6 C:\laragon\www\pvamarkets\wp-content\plugins\woocommerce\src\Admin\Features\OnboardingTasks\TaskList.php(304): Automattic\WooCommerce\Admin\Features\OnboardingTasks\Tasks\WooCommercePayments->can_view()
#7 [internal function]: Automattic\WooCommerce\Admin\Features\OnboardingTasks\TaskList->Automattic\WooCommerce\Admin\Features\OnboardingTasks\{closure}(Object(Automattic\WooCommerce\Admin\Features\OnboardingTasks\Tasks\WooCommercePayments))
#8 C:\laragon\www\pvamarkets\wp-content\plugins\woocommerce\src\Admin\Features\OnboardingTasks\TaskList.php(305): array_filter(Array, Object(Closure))
#9 C:\laragon\www\pvamarkets\wp-content\plugins\woocommerce\src\Admin\Features\OnboardingTasks\TaskList.php(239): Automattic\WooCommerce\Admin\Features\OnboardingTasks\TaskList->get_viewable_tasks()
#10 C:\laragon\www\pvamarkets\wp-content\plugins\woocommerce\src\Admin\Features\OnboardingTasks\TaskList.php(327): Automattic\WooCommerce\Admin\Features\OnboardingTasks\TaskList->is_complete()
#11 C:\laragon\www\pvamarkets\wp-content\plugins\woocommerce\src\Admin\Features\OnboardingTasks\TaskList.php(403): Automattic\WooCommerce\Admin\Features\OnboardingTasks\TaskList->possibly_track_completion()
#12 C:\laragon\www\pvamarkets\wp-content\plugins\woocommerce\src\Admin\API\OnboardingTasks.php(745): Automattic\WooCommerce\Admin\Features\OnboardingTasks\TaskList->get_json()
#13 [internal function]: Automattic\WooCommerce\Admin\API\OnboardingTasks->Automattic\WooCommerce\Admin\API\{closure}(Object(Automattic\WooCommerce\Admin\Features\OnboardingTasks\TaskList))
#14 C:\laragon\www\pvamarkets\wp-content\plugins\woocommerce\src\Admin\API\OnboardingTasks.php(744): array_map(Object(Closure), Array)
#15 C:\laragon\www\pvamarkets\wp-includes\rest-api\class-wp-rest-server.php(1193): Automattic\WooCommerce\Admin\API\OnboardingTasks->get_tasks(Object(WP_REST_Request))
#16 C:\laragon\www\pvamarkets\wp-includes\rest-api\class-wp-rest-server.php(1041): WP_REST_Server->respond_to_request(Object(WP_REST_Request), '/wc-admin/onboa...', Array, NULL)
#17 C:\laragon\www\pvamarkets\wp-includes\rest-api\class-wp-rest-server.php(431): WP_REST_Server->dispatch(Object(WP_REST_Request))
#18 C:\laragon\www\pvamarkets\wp-includes\rest-api.php(424): WP_REST_Server->serve_request('/wc-admin/onboa...')
#19 C:\laragon\www\pvamarkets\wp-includes\class-wp-hook.php(324): rest_api_loaded(Object(WP))
#20 C:\laragon\www\pvamarkets\wp-includes\class-wp-hook.php(348): WP_Hook->apply_filters(NULL, Array)
#21 C:\laragon\www\pvamarkets\wp-includes\plugin.php(565): WP_Hook->do_action(Array)
#22 C:\laragon\www\pvamarkets\wp-includes\class-wp.php(418): do_action_ref_array('parse_request', Array)
#23 C:\laragon\www\pvamarkets\wp-includes\class-wp.php(813): WP->parse_request('')
#24 C:\laragon\www\pvamarkets\wp-includes\functions.php(1336): WP->main('')
#25 C:\laragon\www\pvamarkets\wp-blog-header.php(16): wp()
#26 C:\laragon\www\pvamarkets\index.php(17): require('C:\\laragon\\www\\...')
#27 {main}
  thrown in C:\laragon\www\pvamarkets\wp-content\themes\bcmarket-6\inc\woocommerce.php on line 391

2023-12-24T04:55:59+00:00 CRITICAL Uncaught Error: Call to a member function get_cart_contents() on null in C:\laragon\www\pvamarkets\wp-content\themes\bcmarket-6\inc\woocommerce.php:391
Stack trace:
#0 C:\laragon\www\pvamarkets\wp-includes\class-wp-hook.php(324): bcmarket_gateway_by_wallet(Array)
#1 C:\laragon\www\pvamarkets\wp-includes\plugin.php(205): WP_Hook->apply_filters(Array, Array)
#2 C:\laragon\www\pvamarkets\wp-content\plugins\woocommerce\includes\class-wc-payment-gateways.php(163): apply_filters('woocommerce_ava...', Array)
#3 C:\laragon\www\pvamarkets\wp-content\plugins\woocommerce\src\Admin\Features\OnboardingTasks\Tasks\Payments.php(93): WC_Payment_Gateways->get_available_payment_gateways()
#4 C:\laragon\www\pvamarkets\wp-content\plugins\woocommerce\src\Admin\Features\OnboardingTasks\Tasks\Payments.php(71): Automattic\WooCommerce\Admin\Features\OnboardingTasks\Tasks\Payments::has_gateways()
#5 C:\laragon\www\pvamarkets\wp-content\plugins\woocommerce\src\Admin\Features\OnboardingTasks\Tasks\WooCommercePayments.php(103): Automattic\WooCommerce\Admin\Features\OnboardingTasks\Tasks\Payments->is_complete()
#6 C:\laragon\www\pvamarkets\wp-content\plugins\woocommerce\src\Admin\Features\OnboardingTasks\TaskList.php(304): Automattic\WooCommerce\Admin\Features\OnboardingTasks\Tasks\WooCommercePayments->can_view()
#7 [internal function]: Automattic\WooCommerce\Admin\Features\OnboardingTasks\TaskList->Automattic\WooCommerce\Admin\Features\OnboardingTasks\{closure}(Object(Automattic\WooCommerce\Admin\Features\OnboardingTasks\Tasks\WooCommercePayments))
#8 C:\laragon\www\pvamarkets\wp-content\plugins\woocommerce\src\Admin\Features\OnboardingTasks\TaskList.php(305): array_filter(Array, Object(Closure))
#9 C:\laragon\www\pvamarkets\wp-content\plugins\woocommerce\src\Admin\Features\OnboardingTasks\TaskList.php(239): Automattic\WooCommerce\Admin\Features\OnboardingTasks\TaskList->get_viewable_tasks()
#10 C:\laragon\www\pvamarkets\wp-content\plugins\woocommerce\src\Admin\Features\OnboardingTasks\TaskList.php(327): Automattic\WooCommerce\Admin\Features\OnboardingTasks\TaskList->is_complete()
#11 C:\laragon\www\pvamarkets\wp-content\plugins\woocommerce\src\Admin\Features\OnboardingTasks\TaskList.php(403): Automattic\WooCommerce\Admin\Features\OnboardingTasks\TaskList->possibly_track_completion()
#12 C:\laragon\www\pvamarkets\wp-content\plugins\woocommerce\src\Admin\API\OnboardingTasks.php(745): Automattic\WooCommerce\Admin\Features\OnboardingTasks\TaskList->get_json()
#13 [internal function]: Automattic\WooCommerce\Admin\API\OnboardingTasks->Automattic\WooCommerce\Admin\API\{closure}(Object(Automattic\WooCommerce\Admin\Features\OnboardingTasks\TaskList))
#14 C:\laragon\www\pvamarkets\wp-content\plugins\woocommerce\src\Admin\API\OnboardingTasks.php(744): array_map(Object(Closure), Array)
#15 C:\laragon\www\pvamarkets\wp-includes\rest-api\class-wp-rest-server.php(1193): Automattic\WooCommerce\Admin\API\OnboardingTasks->get_tasks(Object(WP_REST_Request))
#16 C:\laragon\www\pvamarkets\wp-includes\rest-api\class-wp-rest-server.php(1041): WP_REST_Server->respond_to_request(Object(WP_REST_Request), '/wc-admin/onboa...', Array, NULL)
#17 C:\laragon\www\pvamarkets\wp-includes\rest-api\class-wp-rest-server.php(431): WP_REST_Server->dispatch(Object(WP_REST_Request))
#18 C:\laragon\www\pvamarkets\wp-includes\rest-api.php(424): WP_REST_Server->serve_request('/wc-admin/onboa...')
#19 C:\laragon\www\pvamarkets\wp-includes\class-wp-hook.php(324): rest_api_loaded(Object(WP))
#20 C:\laragon\www\pvamarkets\wp-includes\class-wp-hook.php(348): WP_Hook->apply_filters(NULL, Array)
#21 C:\laragon\www\pvamarkets\wp-includes\plugin.php(565): WP_Hook->do_action(Array)
#22 C:\laragon\www\pvamarkets\wp-includes\class-wp.php(418): do_action_ref_array('parse_request', Array)
#23 C:\laragon\www\pvamarkets\wp-includes\class-wp.php(813): WP->parse_request('')
#24 C:\laragon\www\pvamarkets\wp-includes\functions.php(1336): WP->main('')
#25 C:\laragon\www\pvamarkets\wp-blog-header.php(16): wp()
#26 C:\laragon\www\pvamarkets\index.php(17): require('C:\\laragon\\www\\...')
#27 {main}
  thrown in C:\laragon\www\pvamarkets\wp-content\themes\bcmarket-6\inc\woocommerce.php on line 391

2023-12-24T04:56:33+00:00 CRITICAL Uncaught Error: Call to a member function get_cart_contents() on null in C:\laragon\www\pvamarkets\wp-content\themes\bcmarket-6\inc\woocommerce.php:391
Stack trace:
#0 C:\laragon\www\pvamarkets\wp-includes\class-wp-hook.php(324): bcmarket_gateway_by_wallet(Array)
#1 C:\laragon\www\pvamarkets\wp-includes\plugin.php(205): WP_Hook->apply_filters(Array, Array)
#2 C:\laragon\www\pvamarkets\wp-content\plugins\woocommerce\includes\class-wc-payment-gateways.php(163): apply_filters('woocommerce_ava...', Array)
#3 C:\laragon\www\pvamarkets\wp-content\plugins\woocommerce\src\Admin\Features\OnboardingTasks\Tasks\Payments.php(93): WC_Payment_Gateways->get_available_payment_gateways()
#4 C:\laragon\www\pvamarkets\wp-content\plugins\woocommerce\src\Admin\Features\OnboardingTasks\Tasks\Payments.php(71): Automattic\WooCommerce\Admin\Features\OnboardingTasks\Tasks\Payments::has_gateways()
#5 C:\laragon\www\pvamarkets\wp-content\plugins\woocommerce\src\Admin\Features\OnboardingTasks\Tasks\WooCommercePayments.php(103): Automattic\WooCommerce\Admin\Features\OnboardingTasks\Tasks\Payments->is_complete()
#6 C:\laragon\www\pvamarkets\wp-content\plugins\woocommerce\src\Admin\Features\OnboardingTasks\TaskList.php(304): Automattic\WooCommerce\Admin\Features\OnboardingTasks\Tasks\WooCommercePayments->can_view()
#7 [internal function]: Automattic\WooCommerce\Admin\Features\OnboardingTasks\TaskList->Automattic\WooCommerce\Admin\Features\OnboardingTasks\{closure}(Object(Automattic\WooCommerce\Admin\Features\OnboardingTasks\Tasks\WooCommercePayments))
#8 C:\laragon\www\pvamarkets\wp-content\plugins\woocommerce\src\Admin\Features\OnboardingTasks\TaskList.php(305): array_filter(Array, Object(Closure))
#9 C:\laragon\www\pvamarkets\wp-content\plugins\woocommerce\src\Admin\Features\OnboardingTasks\TaskList.php(239): Automattic\WooCommerce\Admin\Features\OnboardingTasks\TaskList->get_viewable_tasks()
#10 C:\laragon\www\pvamarkets\wp-content\plugins\woocommerce\src\Admin\Features\OnboardingTasks\TaskList.php(327): Automattic\WooCommerce\Admin\Features\OnboardingTasks\TaskList->is_complete()
#11 C:\laragon\www\pvamarkets\wp-content\plugins\woocommerce\src\Admin\Features\OnboardingTasks\TaskList.php(403): Automattic\WooCommerce\Admin\Features\OnboardingTasks\TaskList->possibly_track_completion()
#12 C:\laragon\www\pvamarkets\wp-content\plugins\woocommerce\src\Admin\API\OnboardingTasks.php(745): Automattic\WooCommerce\Admin\Features\OnboardingTasks\TaskList->get_json()
#13 [internal function]: Automattic\WooCommerce\Admin\API\OnboardingTasks->Automattic\WooCommerce\Admin\API\{closure}(Object(Automattic\WooCommerce\Admin\Features\OnboardingTasks\TaskList))
#14 C:\laragon\www\pvamarkets\wp-content\plugins\woocommerce\src\Admin\API\OnboardingTasks.php(744): array_map(Object(Closure), Array)
#15 C:\laragon\www\pvamarkets\wp-includes\rest-api\class-wp-rest-server.php(1193): Automattic\WooCommerce\Admin\API\OnboardingTasks->get_tasks(Object(WP_REST_Request))
#16 C:\laragon\www\pvamarkets\wp-includes\rest-api\class-wp-rest-server.php(1041): WP_REST_Server->respond_to_request(Object(WP_REST_Request), '/wc-admin/onboa...', Array, NULL)
#17 C:\laragon\www\pvamarkets\wp-includes\rest-api\class-wp-rest-server.php(431): WP_REST_Server->dispatch(Object(WP_REST_Request))
#18 C:\laragon\www\pvamarkets\wp-includes\rest-api.php(424): WP_REST_Server->serve_request('/wc-admin/onboa...')
#19 C:\laragon\www\pvamarkets\wp-includes\class-wp-hook.php(324): rest_api_loaded(Object(WP))
#20 C:\laragon\www\pvamarkets\wp-includes\class-wp-hook.php(348): WP_Hook->apply_filters(NULL, Array)
#21 C:\laragon\www\pvamarkets\wp-includes\plugin.php(565): WP_Hook->do_action(Array)
#22 C:\laragon\www\pvamarkets\wp-includes\class-wp.php(418): do_action_ref_array('parse_request', Array)
#23 C:\laragon\www\pvamarkets\wp-includes\class-wp.php(813): WP->parse_request('')
#24 C:\laragon\www\pvamarkets\wp-includes\functions.php(1336): WP->main('')
#25 C:\laragon\www\pvamarkets\wp-blog-header.php(16): wp()
#26 C:\laragon\www\pvamarkets\index.php(17): require('C:\\laragon\\www\\...')
#27 {main}
  thrown in C:\laragon\www\pvamarkets\wp-content\themes\bcmarket-6\inc\woocommerce.php on line 391

2023-12-24T05:12:42+00:00 CRITICAL syntax error, unexpected token "return", expecting "," or ";" in C:\laragon\www\pvamarkets\wp-content\themes\bcmarket-6\inc\woocommerce.php on line 415

2023-12-24T05:43:18+00:00 CRITICAL Uncaught Error: Call to a member function get_cart_contents() on null in C:\laragon\www\pvamarkets\wp-content\themes\bcmarket-6\inc\woocommerce.php:391
Stack trace:
#0 C:\laragon\www\pvamarkets\wp-includes\class-wp-hook.php(324): bcmarket_gateway_by_wallet(Array)
#1 C:\laragon\www\pvamarkets\wp-includes\plugin.php(205): WP_Hook->apply_filters(Array, Array)
#2 C:\laragon\www\pvamarkets\wp-content\plugins\woocommerce\includes\class-wc-payment-gateways.php(163): apply_filters('woocommerce_ava...', Array)
#3 C:\laragon\www\pvamarkets\wp-content\plugins\woocommerce\src\Admin\Features\OnboardingTasks\Tasks\Payments.php(93): WC_Payment_Gateways->get_available_payment_gateways()
#4 C:\laragon\www\pvamarkets\wp-content\plugins\woocommerce\src\Admin\Features\OnboardingTasks\Tasks\Payments.php(71): Automattic\WooCommerce\Admin\Features\OnboardingTasks\Tasks\Payments::has_gateways()
#5 C:\laragon\www\pvamarkets\wp-content\plugins\woocommerce\src\Admin\Features\OnboardingTasks\Tasks\WooCommercePayments.php(103): Automattic\WooCommerce\Admin\Features\OnboardingTasks\Tasks\Payments->is_complete()
#6 C:\laragon\www\pvamarkets\wp-content\plugins\woocommerce\src\Admin\Features\OnboardingTasks\TaskList.php(304): Automattic\WooCommerce\Admin\Features\OnboardingTasks\Tasks\WooCommercePayments->can_view()
#7 [internal function]: Automattic\WooCommerce\Admin\Features\OnboardingTasks\TaskList->Automattic\WooCommerce\Admin\Features\OnboardingTasks\{closure}(Object(Automattic\WooCommerce\Admin\Features\OnboardingTasks\Tasks\WooCommercePayments))
#8 C:\laragon\www\pvamarkets\wp-content\plugins\woocommerce\src\Admin\Features\OnboardingTasks\TaskList.php(305): array_filter(Array, Object(Closure))
#9 C:\laragon\www\pvamarkets\wp-content\plugins\woocommerce\src\Admin\Features\OnboardingTasks\TaskList.php(239): Automattic\WooCommerce\Admin\Features\OnboardingTasks\TaskList->get_viewable_tasks()
#10 C:\laragon\www\pvamarkets\wp-content\plugins\woocommerce\src\Admin\Features\OnboardingTasks\TaskList.php(327): Automattic\WooCommerce\Admin\Features\OnboardingTasks\TaskList->is_complete()
#11 C:\laragon\www\pvamarkets\wp-content\plugins\woocommerce\src\Admin\Features\OnboardingTasks\TaskList.php(403): Automattic\WooCommerce\Admin\Features\OnboardingTasks\TaskList->possibly_track_completion()
#12 C:\laragon\www\pvamarkets\wp-content\plugins\woocommerce\src\Admin\API\OnboardingTasks.php(745): Automattic\WooCommerce\Admin\Features\OnboardingTasks\TaskList->get_json()
#13 [internal function]: Automattic\WooCommerce\Admin\API\OnboardingTasks->Automattic\WooCommerce\Admin\API\{closure}(Object(Automattic\WooCommerce\Admin\Features\OnboardingTasks\TaskList))
#14 C:\laragon\www\pvamarkets\wp-content\plugins\woocommerce\src\Admin\API\OnboardingTasks.php(744): array_map(Object(Closure), Array)
#15 C:\laragon\www\pvamarkets\wp-includes\rest-api\class-wp-rest-server.php(1193): Automattic\WooCommerce\Admin\API\OnboardingTasks->get_tasks(Object(WP_REST_Request))
#16 C:\laragon\www\pvamarkets\wp-includes\rest-api\class-wp-rest-server.php(1041): WP_REST_Server->respond_to_request(Object(WP_REST_Request), '/wc-admin/onboa...', Array, NULL)
#17 C:\laragon\www\pvamarkets\wp-includes\rest-api\class-wp-rest-server.php(431): WP_REST_Server->dispatch(Object(WP_REST_Request))
#18 C:\laragon\www\pvamarkets\wp-includes\rest-api.php(424): WP_REST_Server->serve_request('/wc-admin/onboa...')
#19 C:\laragon\www\pvamarkets\wp-includes\class-wp-hook.php(324): rest_api_loaded(Object(WP))
#20 C:\laragon\www\pvamarkets\wp-includes\class-wp-hook.php(348): WP_Hook->apply_filters(NULL, Array)
#21 C:\laragon\www\pvamarkets\wp-includes\plugin.php(565): WP_Hook->do_action(Array)
#22 C:\laragon\www\pvamarkets\wp-includes\class-wp.php(418): do_action_ref_array('parse_request', Array)
#23 C:\laragon\www\pvamarkets\wp-includes\class-wp.php(813): WP->parse_request('')
#24 C:\laragon\www\pvamarkets\wp-includes\functions.php(1336): WP->main('')
#25 C:\laragon\www\pvamarkets\wp-blog-header.php(16): wp()
#26 C:\laragon\www\pvamarkets\index.php(17): require('C:\\laragon\\www\\...')
#27 {main}
  thrown in C:\laragon\www\pvamarkets\wp-content\themes\bcmarket-6\inc\woocommerce.php on line 391

2023-12-24T05:43:47+00:00 CRITICAL Uncaught Error: Call to a member function get_cart_contents() on null in C:\laragon\www\pvamarkets\wp-content\themes\bcmarket-6\inc\woocommerce.php:391
Stack trace:
#0 C:\laragon\www\pvamarkets\wp-includes\class-wp-hook.php(324): bcmarket_gateway_by_wallet(Array)
#1 C:\laragon\www\pvamarkets\wp-includes\plugin.php(205): WP_Hook->apply_filters(Array, Array)
#2 C:\laragon\www\pvamarkets\wp-content\plugins\woocommerce\includes\class-wc-payment-gateways.php(163): apply_filters('woocommerce_ava...', Array)
#3 C:\laragon\www\pvamarkets\wp-content\plugins\woocommerce\src\Admin\Features\OnboardingTasks\Tasks\Payments.php(93): WC_Payment_Gateways->get_available_payment_gateways()
#4 C:\laragon\www\pvamarkets\wp-content\plugins\woocommerce\src\Admin\Features\OnboardingTasks\Tasks\Payments.php(71): Automattic\WooCommerce\Admin\Features\OnboardingTasks\Tasks\Payments::has_gateways()
#5 C:\laragon\www\pvamarkets\wp-content\plugins\woocommerce\src\Admin\Features\OnboardingTasks\Tasks\WooCommercePayments.php(103): Automattic\WooCommerce\Admin\Features\OnboardingTasks\Tasks\Payments->is_complete()
#6 C:\laragon\www\pvamarkets\wp-content\plugins\woocommerce\src\Admin\Features\OnboardingTasks\TaskList.php(304): Automattic\WooCommerce\Admin\Features\OnboardingTasks\Tasks\WooCommercePayments->can_view()
#7 [internal function]: Automattic\WooCommerce\Admin\Features\OnboardingTasks\TaskList->Automattic\WooCommerce\Admin\Features\OnboardingTasks\{closure}(Object(Automattic\WooCommerce\Admin\Features\OnboardingTasks\Tasks\WooCommercePayments))
#8 C:\laragon\www\pvamarkets\wp-content\plugins\woocommerce\src\Admin\Features\OnboardingTasks\TaskList.php(305): array_filter(Array, Object(Closure))
#9 C:\laragon\www\pvamarkets\wp-content\plugins\woocommerce\src\Admin\Features\OnboardingTasks\TaskList.php(239): Automattic\WooCommerce\Admin\Features\OnboardingTasks\TaskList->get_viewable_tasks()
#10 C:\laragon\www\pvamarkets\wp-content\plugins\woocommerce\src\Admin\Features\OnboardingTasks\TaskList.php(327): Automattic\WooCommerce\Admin\Features\OnboardingTasks\TaskList->is_complete()
#11 C:\laragon\www\pvamarkets\wp-content\plugins\woocommerce\src\Admin\Features\OnboardingTasks\TaskList.php(403): Automattic\WooCommerce\Admin\Features\OnboardingTasks\TaskList->possibly_track_completion()
#12 C:\laragon\www\pvamarkets\wp-content\plugins\woocommerce\src\Admin\API\OnboardingTasks.php(745): Automattic\WooCommerce\Admin\Features\OnboardingTasks\TaskList->get_json()
#13 [internal function]: Automattic\WooCommerce\Admin\API\OnboardingTasks->Automattic\WooCommerce\Admin\API\{closure}(Object(Automattic\WooCommerce\Admin\Features\OnboardingTasks\TaskList))
#14 C:\laragon\www\pvamarkets\wp-content\plugins\woocommerce\src\Admin\API\OnboardingTasks.php(744): array_map(Object(Closure), Array)
#15 C:\laragon\www\pvamarkets\wp-includes\rest-api\class-wp-rest-server.php(1193): Automattic\WooCommerce\Admin\API\OnboardingTasks->get_tasks(Object(WP_REST_Request))
#16 C:\laragon\www\pvamarkets\wp-includes\rest-api\class-wp-rest-server.php(1041): WP_REST_Server->respond_to_request(Object(WP_REST_Request), '/wc-admin/onboa...', Array, NULL)
#17 C:\laragon\www\pvamarkets\wp-includes\rest-api\class-wp-rest-server.php(431): WP_REST_Server->dispatch(Object(WP_REST_Request))
#18 C:\laragon\www\pvamarkets\wp-includes\rest-api.php(424): WP_REST_Server->serve_request('/wc-admin/onboa...')
#19 C:\laragon\www\pvamarkets\wp-includes\class-wp-hook.php(324): rest_api_loaded(Object(WP))
#20 C:\laragon\www\pvamarkets\wp-includes\class-wp-hook.php(348): WP_Hook->apply_filters(NULL, Array)
#21 C:\laragon\www\pvamarkets\wp-includes\plugin.php(565): WP_Hook->do_action(Array)
#22 C:\laragon\www\pvamarkets\wp-includes\class-wp.php(418): do_action_ref_array('parse_request', Array)
#23 C:\laragon\www\pvamarkets\wp-includes\class-wp.php(813): WP->parse_request('')
#24 C:\laragon\www\pvamarkets\wp-includes\functions.php(1336): WP->main('')
#25 C:\laragon\www\pvamarkets\wp-blog-header.php(16): wp()
#26 C:\laragon\www\pvamarkets\index.php(17): require('C:\\laragon\\www\\...')
#27 {main}
  thrown in C:\laragon\www\pvamarkets\wp-content\themes\bcmarket-6\inc\woocommerce.php on line 391

2023-12-24T05:44:10+00:00 CRITICAL Uncaught Error: Call to a member function get_cart_contents() on null in C:\laragon\www\pvamarkets\wp-content\themes\bcmarket-6\inc\woocommerce.php:391
Stack trace:
#0 C:\laragon\www\pvamarkets\wp-includes\class-wp-hook.php(324): bcmarket_gateway_by_wallet(Array)
#1 C:\laragon\www\pvamarkets\wp-includes\plugin.php(205): WP_Hook->apply_filters(Array, Array)
#2 C:\laragon\www\pvamarkets\wp-content\plugins\woocommerce\includes\class-wc-payment-gateways.php(163): apply_filters('woocommerce_ava...', Array)
#3 C:\laragon\www\pvamarkets\wp-content\plugins\woocommerce\src\Admin\Features\OnboardingTasks\Tasks\Payments.php(93): WC_Payment_Gateways->get_available_payment_gateways()
#4 C:\laragon\www\pvamarkets\wp-content\plugins\woocommerce\src\Admin\Features\OnboardingTasks\Tasks\Payments.php(71): Automattic\WooCommerce\Admin\Features\OnboardingTasks\Tasks\Payments::has_gateways()
#5 C:\laragon\www\pvamarkets\wp-content\plugins\woocommerce\src\Admin\Features\OnboardingTasks\Tasks\WooCommercePayments.php(103): Automattic\WooCommerce\Admin\Features\OnboardingTasks\Tasks\Payments->is_complete()
#6 C:\laragon\www\pvamarkets\wp-content\plugins\woocommerce\src\Admin\Features\OnboardingTasks\TaskList.php(304): Automattic\WooCommerce\Admin\Features\OnboardingTasks\Tasks\WooCommercePayments->can_view()
#7 [internal function]: Automattic\WooCommerce\Admin\Features\OnboardingTasks\TaskList->Automattic\WooCommerce\Admin\Features\OnboardingTasks\{closure}(Object(Automattic\WooCommerce\Admin\Features\OnboardingTasks\Tasks\WooCommercePayments))
#8 C:\laragon\www\pvamarkets\wp-content\plugins\woocommerce\src\Admin\Features\OnboardingTasks\TaskList.php(305): array_filter(Array, Object(Closure))
#9 C:\laragon\www\pvamarkets\wp-content\plugins\woocommerce\src\Admin\Features\OnboardingTasks\TaskList.php(239): Automattic\WooCommerce\Admin\Features\OnboardingTasks\TaskList->get_viewable_tasks()
#10 C:\laragon\www\pvamarkets\wp-content\plugins\woocommerce\src\Admin\Features\OnboardingTasks\TaskList.php(327): Automattic\WooCommerce\Admin\Features\OnboardingTasks\TaskList->is_complete()
#11 C:\laragon\www\pvamarkets\wp-content\plugins\woocommerce\src\Admin\Features\OnboardingTasks\TaskList.php(403): Automattic\WooCommerce\Admin\Features\OnboardingTasks\TaskList->possibly_track_completion()
#12 C:\laragon\www\pvamarkets\wp-content\plugins\woocommerce\src\Admin\API\OnboardingTasks.php(745): Automattic\WooCommerce\Admin\Features\OnboardingTasks\TaskList->get_json()
#13 [internal function]: Automattic\WooCommerce\Admin\API\OnboardingTasks->Automattic\WooCommerce\Admin\API\{closure}(Object(Automattic\WooCommerce\Admin\Features\OnboardingTasks\TaskList))
#14 C:\laragon\www\pvamarkets\wp-content\plugins\woocommerce\src\Admin\API\OnboardingTasks.php(744): array_map(Object(Closure), Array)
#15 C:\laragon\www\pvamarkets\wp-includes\rest-api\class-wp-rest-server.php(1193): Automattic\WooCommerce\Admin\API\OnboardingTasks->get_tasks(Object(WP_REST_Request))
#16 C:\laragon\www\pvamarkets\wp-includes\rest-api\class-wp-rest-server.php(1041): WP_REST_Server->respond_to_request(Object(WP_REST_Request), '/wc-admin/onboa...', Array, NULL)
#17 C:\laragon\www\pvamarkets\wp-includes\rest-api\class-wp-rest-server.php(431): WP_REST_Server->dispatch(Object(WP_REST_Request))
#18 C:\laragon\www\pvamarkets\wp-includes\rest-api.php(424): WP_REST_Server->serve_request('/wc-admin/onboa...')
#19 C:\laragon\www\pvamarkets\wp-includes\class-wp-hook.php(324): rest_api_loaded(Object(WP))
#20 C:\laragon\www\pvamarkets\wp-includes\class-wp-hook.php(348): WP_Hook->apply_filters(NULL, Array)
#21 C:\laragon\www\pvamarkets\wp-includes\plugin.php(565): WP_Hook->do_action(Array)
#22 C:\laragon\www\pvamarkets\wp-includes\class-wp.php(418): do_action_ref_array('parse_request', Array)
#23 C:\laragon\www\pvamarkets\wp-includes\class-wp.php(813): WP->parse_request('')
#24 C:\laragon\www\pvamarkets\wp-includes\functions.php(1336): WP->main('')
#25 C:\laragon\www\pvamarkets\wp-blog-header.php(16): wp()
#26 C:\laragon\www\pvamarkets\index.php(17): require('C:\\laragon\\www\\...')
#27 {main}
  thrown in C:\laragon\www\pvamarkets\wp-content\themes\bcmarket-6\inc\woocommerce.php on line 391

2023-12-24T05:44:43+00:00 CRITICAL Uncaught Error: Call to a member function get_cart_contents() on null in C:\laragon\www\pvamarkets\wp-content\themes\bcmarket-6\inc\woocommerce.php:391
Stack trace:
#0 C:\laragon\www\pvamarkets\wp-includes\class-wp-hook.php(324): bcmarket_gateway_by_wallet(Array)
#1 C:\laragon\www\pvamarkets\wp-includes\plugin.php(205): WP_Hook->apply_filters(Array, Array)
#2 C:\laragon\www\pvamarkets\wp-content\plugins\woocommerce\includes\class-wc-payment-gateways.php(163): apply_filters('woocommerce_ava...', Array)
#3 C:\laragon\www\pvamarkets\wp-content\plugins\woocommerce\src\Admin\Features\OnboardingTasks\Tasks\Payments.php(93): WC_Payment_Gateways->get_available_payment_gateways()
#4 C:\laragon\www\pvamarkets\wp-content\plugins\woocommerce\src\Admin\Features\OnboardingTasks\Tasks\Payments.php(71): Automattic\WooCommerce\Admin\Features\OnboardingTasks\Tasks\Payments::has_gateways()
#5 C:\laragon\www\pvamarkets\wp-content\plugins\woocommerce\src\Admin\Features\OnboardingTasks\Tasks\WooCommercePayments.php(103): Automattic\WooCommerce\Admin\Features\OnboardingTasks\Tasks\Payments->is_complete()
#6 C:\laragon\www\pvamarkets\wp-content\plugins\woocommerce\src\Admin\Features\OnboardingTasks\TaskList.php(304): Automattic\WooCommerce\Admin\Features\OnboardingTasks\Tasks\WooCommercePayments->can_view()
#7 [internal function]: Automattic\WooCommerce\Admin\Features\OnboardingTasks\TaskList->Automattic\WooCommerce\Admin\Features\OnboardingTasks\{closure}(Object(Automattic\WooCommerce\Admin\Features\OnboardingTasks\Tasks\WooCommercePayments))
#8 C:\laragon\www\pvamarkets\wp-content\plugins\woocommerce\src\Admin\Features\OnboardingTasks\TaskList.php(305): array_filter(Array, Object(Closure))
#9 C:\laragon\www\pvamarkets\wp-content\plugins\woocommerce\src\Admin\Features\OnboardingTasks\TaskList.php(239): Automattic\WooCommerce\Admin\Features\OnboardingTasks\TaskList->get_viewable_tasks()
#10 C:\laragon\www\pvamarkets\wp-content\plugins\woocommerce\src\Admin\Features\OnboardingTasks\TaskList.php(327): Automattic\WooCommerce\Admin\Features\OnboardingTasks\TaskList->is_complete()
#11 C:\laragon\www\pvamarkets\wp-content\plugins\woocommerce\src\Admin\Features\OnboardingTasks\TaskList.php(403): Automattic\WooCommerce\Admin\Features\OnboardingTasks\TaskList->possibly_track_completion()
#12 C:\laragon\www\pvamarkets\wp-content\plugins\woocommerce\src\Admin\API\OnboardingTasks.php(745): Automattic\WooCommerce\Admin\Features\OnboardingTasks\TaskList->get_json()
#13 [internal function]: Automattic\WooCommerce\Admin\API\OnboardingTasks->Automattic\WooCommerce\Admin\API\{closure}(Object(Automattic\WooCommerce\Admin\Features\OnboardingTasks\TaskList))
#14 C:\laragon\www\pvamarkets\wp-content\plugins\woocommerce\src\Admin\API\OnboardingTasks.php(744): array_map(Object(Closure), Array)
#15 C:\laragon\www\pvamarkets\wp-includes\rest-api\class-wp-rest-server.php(1193): Automattic\WooCommerce\Admin\API\OnboardingTasks->get_tasks(Object(WP_REST_Request))
#16 C:\laragon\www\pvamarkets\wp-includes\rest-api\class-wp-rest-server.php(1041): WP_REST_Server->respond_to_request(Object(WP_REST_Request), '/wc-admin/onboa...', Array, NULL)
#17 C:\laragon\www\pvamarkets\wp-includes\rest-api\class-wp-rest-server.php(431): WP_REST_Server->dispatch(Object(WP_REST_Request))
#18 C:\laragon\www\pvamarkets\wp-includes\rest-api.php(424): WP_REST_Server->serve_request('/wc-admin/onboa...')
#19 C:\laragon\www\pvamarkets\wp-includes\class-wp-hook.php(324): rest_api_loaded(Object(WP))
#20 C:\laragon\www\pvamarkets\wp-includes\class-wp-hook.php(348): WP_Hook->apply_filters(NULL, Array)
#21 C:\laragon\www\pvamarkets\wp-includes\plugin.php(565): WP_Hook->do_action(Array)
#22 C:\laragon\www\pvamarkets\wp-includes\class-wp.php(418): do_action_ref_array('parse_request', Array)
#23 C:\laragon\www\pvamarkets\wp-includes\class-wp.php(813): WP->parse_request('')
#24 C:\laragon\www\pvamarkets\wp-includes\functions.php(1336): WP->main('')
#25 C:\laragon\www\pvamarkets\wp-blog-header.php(16): wp()
#26 C:\laragon\www\pvamarkets\index.php(17): require('C:\\laragon\\www\\...')
#27 {main}
  thrown in C:\laragon\www\pvamarkets\wp-content\themes\bcmarket-6\inc\woocommerce.php on line 391

2023-12-24T06:05:18+00:00 CRITICAL Uncaught Error: Call to undefined function init_form_fields() in C:\laragon\www\pvamarkets\wp-content\plugins\woo-wallet\includes\class-woo-wallet-payment-method.php:88
Stack trace:
#0 C:\laragon\www\pvamarkets\wp-content\plugins\woo-wallet\includes\class-woo-wallet-payment-method.php(30): Woo_Gateway_Wallet_payment->init_form_fields()
#1 C:\laragon\www\pvamarkets\wp-content\plugins\woo-wallet\includes\class-woo-wallet-payments-blocks.php(30): Woo_Gateway_Wallet_payment->__construct()
#2 C:\laragon\www\pvamarkets\wp-content\plugins\woocommerce\packages\woocommerce-blocks\src\Integrations\IntegrationRegistry.php(53): WC_Gateway_Wallet_Blocks_Support->initialize()
#3 C:\laragon\www\pvamarkets\wp-includes\class-wp-hook.php(324): Automattic\WooCommerce\Blocks\Integrations\IntegrationRegistry->initialize('')
#4 C:\laragon\www\pvamarkets\wp-includes\class-wp-hook.php(348): WP_Hook->apply_filters(NULL, Array)
#5 C:\laragon\www\pvamarkets\wp-includes\plugin.php(517): WP_Hook->do_action(Array)
#6 C:\laragon\www\pvamarkets\wp-settings.php(643): do_action('init')
#7 C:\laragon\www\pvamarkets\wp-config.php(93): require_once('C:\\laragon\\www\\...')
#8 C:\laragon\www\pvamarkets\wp-load.php(50): require_once('C:\\laragon\\www\\...')
#9 C:\laragon\www\pvamarkets\wp-blog-header.php(13): require_once('C:\\laragon\\www\\...')
#10 C:\laragon\www\pvamarkets\index.php(17): require('C:\\laragon\\www\\...')
#11 {main}
  thrown in C:\laragon\www\pvamarkets\wp-content\plugins\woo-wallet\includes\class-woo-wallet-payment-method.php on line 88

2023-12-24T06:30:43+00:00 CRITICAL syntax error, unexpected token "endif", expecting end of file in C:\laragon\www\pvamarkets\wp-content\themes\bcmarket-6\inc\woocommerce.php on line 443

