2023-12-10T09:20:41+00:00 CRITICAL Uncaught Error: Call to a member function get_cart_contents() on null in /home/accountsseller/pvamarkets.com/wp-content/themes/bcmarket-6/inc/woocommerce.php:391
Stack trace:
#0 /home/accountsseller/pvamarkets.com/wp-includes/class-wp-hook.php(324): bcmarket_gateway_by_wallet()
#1 /home/accountsseller/pvamarkets.com/wp-includes/plugin.php(205): WP_Hook->apply_filters()
#2 /home/accountsseller/pvamarkets.com/wp-content/plugins/woocommerce/includes/class-wc-payment-gateways.php(163): apply_filters()
#3 /home/accountsseller/pvamarkets.com/wp-content/plugins/woocommerce/src/Admin/Features/OnboardingTasks/Tasks/Payments.php(93): WC_Payment_Gateways->get_available_payment_gateways()
#4 /home/accountsseller/pvamarkets.com/wp-content/plugins/woocommerce/src/Admin/Features/OnboardingTasks/Tasks/Payments.php(71): Automattic\WooCommerce\Admin\Features\OnboardingTasks\Tasks\Payments::has_gateways()
#5 /home/accountsseller/pvamarkets.com/wp-content/plugins/woocommerce/src/Admin/Features/OnboardingTasks/Tasks/WooCommercePayments.php(103): Automattic\WooCommerce\Admin\Features\OnboardingTasks\Tasks\Payments->is_complete()
#6 /home/accountsseller/pvamarkets.com/wp-content/plugins/woocommerce/src/Admin/Features/OnboardingTasks/TaskList.php(304): Automattic\WooCommerce\Admin\Features\OnboardingTasks\Tasks\WooCommercePayments->can_view()
#7 [internal function]: Automattic\WooCommerce\Admin\Features\OnboardingTasks\TaskList->Automattic\WooCommerce\Admin\Features\OnboardingTasks\{closure}()
#8 /home/accountsseller/pvamarkets.com/wp-content/plugins/woocommerce/src/Admin/Features/OnboardingTasks/TaskList.php(305): array_filter()
#9 /home/accountsseller/pvamarkets.com/wp-content/plugins/woocommerce/src/Admin/Features/OnboardingTasks/TaskList.php(239): Automattic\WooCommerce\Admin\Features\OnboardingTasks\TaskList->get_viewable_tasks()
#10 /home/accountsseller/pvamarkets.com/wp-content/plugins/woocommerce/src/Admin/Features/OnboardingTasks/TaskList.php(327): Automattic\WooCommerce\Admin\Features\OnboardingTasks\TaskList->is_complete()
#11 /home/accountsseller/pvamarkets.com/wp-content/plugins/woocommerce/src/Admin/Features/OnboardingTasks/TaskList.php(403): Automattic\WooCommerce\Admin\Features\OnboardingTasks\TaskList->possibly_track_completion()
#12 /home/accountsseller/pvamarkets.com/wp-content/plugins/woocommerce/src/Admin/API/OnboardingTasks.php(745): Automattic\WooCommerce\Admin\Features\OnboardingTasks\TaskList->get_json()
#13 [internal function]: Automattic\WooCommerce\Admin\API\OnboardingTasks->Automattic\WooCommerce\Admin\API\{closure}()
#14 /home/accountsseller/pvamarkets.com/wp-content/plugins/woocommerce/src/Admin/API/OnboardingTasks.php(744): array_map()
#15 /home/accountsseller/pvamarkets.com/wp-includes/rest-api/class-wp-rest-server.php(1193): Automattic\WooCommerce\Admin\API\OnboardingTasks->get_tasks()
#16 /home/accountsseller/pvamarkets.com/wp-includes/rest-api/class-wp-rest-server.php(1041): WP_REST_Server->respond_to_request()
#17 /home/accountsseller/pvamarkets.com/wp-includes/rest-api/class-wp-rest-server.php(431): WP_REST_Server->dispatch()
#18 /home/accountsseller/pvamarkets.com/wp-includes/rest-api.php(424): WP_REST_Server->serve_request()
#19 /home/accountsseller/pvamarkets.com/wp-includes/class-wp-hook.php(324): rest_api_loaded()
#20 /home/accountsseller/pvamarkets.com/wp-includes/class-wp-hook.php(348): WP_Hook->apply_filters()
#21 /home/accountsseller/pvamarkets.com/wp-includes/plugin.php(565): WP_Hook->do_action()
#22 /home/accountsseller/pvamarkets.com/wp-includes/class-wp.php(418): do_action_ref_array()
#23 /home/accountsseller/pvamarkets.com/wp-includes/class-wp.php(813): WP->parse_request()
#24 /home/accountsseller/pvamarkets.com/wp-includes/functions.php(1336): WP->main()
#25 /home/accountsseller/pvamarkets.com/wp-blog-header.php(16): wp()
#26 /home/accountsseller/pvamarkets.com/index.php(17): require('/home/accountss...')
#27 {main}
  thrown in /home/accountsseller/pvamarkets.com/wp-content/themes/bcmarket-6/inc/woocommerce.php on line 391

2023-12-10T09:21:04+00:00 CRITICAL Uncaught Error: Call to a member function get_cart_contents() on null in /home/accountsseller/pvamarkets.com/wp-content/themes/bcmarket-6/inc/woocommerce.php:391
Stack trace:
#0 /home/accountsseller/pvamarkets.com/wp-includes/class-wp-hook.php(324): bcmarket_gateway_by_wallet()
#1 /home/accountsseller/pvamarkets.com/wp-includes/plugin.php(205): WP_Hook->apply_filters()
#2 /home/accountsseller/pvamarkets.com/wp-content/plugins/woocommerce/includes/class-wc-payment-gateways.php(163): apply_filters()
#3 /home/accountsseller/pvamarkets.com/wp-content/plugins/woocommerce/src/Admin/Features/OnboardingTasks/Tasks/Payments.php(93): WC_Payment_Gateways->get_available_payment_gateways()
#4 /home/accountsseller/pvamarkets.com/wp-content/plugins/woocommerce/src/Admin/Features/OnboardingTasks/Tasks/Payments.php(71): Automattic\WooCommerce\Admin\Features\OnboardingTasks\Tasks\Payments::has_gateways()
#5 /home/accountsseller/pvamarkets.com/wp-content/plugins/woocommerce/src/Admin/Features/OnboardingTasks/Tasks/WooCommercePayments.php(103): Automattic\WooCommerce\Admin\Features\OnboardingTasks\Tasks\Payments->is_complete()
#6 /home/accountsseller/pvamarkets.com/wp-content/plugins/woocommerce/src/Admin/Features/OnboardingTasks/TaskList.php(304): Automattic\WooCommerce\Admin\Features\OnboardingTasks\Tasks\WooCommercePayments->can_view()
#7 [internal function]: Automattic\WooCommerce\Admin\Features\OnboardingTasks\TaskList->Automattic\WooCommerce\Admin\Features\OnboardingTasks\{closure}()
#8 /home/accountsseller/pvamarkets.com/wp-content/plugins/woocommerce/src/Admin/Features/OnboardingTasks/TaskList.php(305): array_filter()
#9 /home/accountsseller/pvamarkets.com/wp-content/plugins/woocommerce/src/Admin/Features/OnboardingTasks/TaskList.php(239): Automattic\WooCommerce\Admin\Features\OnboardingTasks\TaskList->get_viewable_tasks()
#10 /home/accountsseller/pvamarkets.com/wp-content/plugins/woocommerce/src/Admin/Features/OnboardingTasks/TaskList.php(327): Automattic\WooCommerce\Admin\Features\OnboardingTasks\TaskList->is_complete()
#11 /home/accountsseller/pvamarkets.com/wp-content/plugins/woocommerce/src/Admin/Features/OnboardingTasks/TaskList.php(403): Automattic\WooCommerce\Admin\Features\OnboardingTasks\TaskList->possibly_track_completion()
#12 /home/accountsseller/pvamarkets.com/wp-content/plugins/woocommerce/src/Admin/API/OnboardingTasks.php(745): Automattic\WooCommerce\Admin\Features\OnboardingTasks\TaskList->get_json()
#13 [internal function]: Automattic\WooCommerce\Admin\API\OnboardingTasks->Automattic\WooCommerce\Admin\API\{closure}()
#14 /home/accountsseller/pvamarkets.com/wp-content/plugins/woocommerce/src/Admin/API/OnboardingTasks.php(744): array_map()
#15 /home/accountsseller/pvamarkets.com/wp-includes/rest-api/class-wp-rest-server.php(1193): Automattic\WooCommerce\Admin\API\OnboardingTasks->get_tasks()
#16 /home/accountsseller/pvamarkets.com/wp-includes/rest-api/class-wp-rest-server.php(1041): WP_REST_Server->respond_to_request()
#17 /home/accountsseller/pvamarkets.com/wp-includes/rest-api/class-wp-rest-server.php(431): WP_REST_Server->dispatch()
#18 /home/accountsseller/pvamarkets.com/wp-includes/rest-api.php(424): WP_REST_Server->serve_request()
#19 /home/accountsseller/pvamarkets.com/wp-includes/class-wp-hook.php(324): rest_api_loaded()
#20 /home/accountsseller/pvamarkets.com/wp-includes/class-wp-hook.php(348): WP_Hook->apply_filters()
#21 /home/accountsseller/pvamarkets.com/wp-includes/plugin.php(565): WP_Hook->do_action()
#22 /home/accountsseller/pvamarkets.com/wp-includes/class-wp.php(418): do_action_ref_array()
#23 /home/accountsseller/pvamarkets.com/wp-includes/class-wp.php(813): WP->parse_request()
#24 /home/accountsseller/pvamarkets.com/wp-includes/functions.php(1336): WP->main()
#25 /home/accountsseller/pvamarkets.com/wp-blog-header.php(16): wp()
#26 /home/accountsseller/pvamarkets.com/index.php(17): require('/home/accountss...')
#27 {main}
  thrown in /home/accountsseller/pvamarkets.com/wp-content/themes/bcmarket-6/inc/woocommerce.php on line 391

2023-12-10T09:21:12+00:00 CRITICAL Uncaught Error: Call to a member function get_cart_contents() on null in /home/accountsseller/pvamarkets.com/wp-content/themes/bcmarket-6/inc/woocommerce.php:391
Stack trace:
#0 /home/accountsseller/pvamarkets.com/wp-includes/class-wp-hook.php(324): bcmarket_gateway_by_wallet()
#1 /home/accountsseller/pvamarkets.com/wp-includes/plugin.php(205): WP_Hook->apply_filters()
#2 /home/accountsseller/pvamarkets.com/wp-content/plugins/woocommerce/includes/class-wc-payment-gateways.php(163): apply_filters()
#3 /home/accountsseller/pvamarkets.com/wp-content/plugins/woocommerce/src/Admin/Features/OnboardingTasks/Tasks/Payments.php(93): WC_Payment_Gateways->get_available_payment_gateways()
#4 /home/accountsseller/pvamarkets.com/wp-content/plugins/woocommerce/src/Admin/Features/OnboardingTasks/Tasks/Payments.php(71): Automattic\WooCommerce\Admin\Features\OnboardingTasks\Tasks\Payments::has_gateways()
#5 /home/accountsseller/pvamarkets.com/wp-content/plugins/woocommerce/src/Admin/Features/OnboardingTasks/Tasks/WooCommercePayments.php(103): Automattic\WooCommerce\Admin\Features\OnboardingTasks\Tasks\Payments->is_complete()
#6 /home/accountsseller/pvamarkets.com/wp-content/plugins/woocommerce/src/Admin/Features/OnboardingTasks/TaskList.php(304): Automattic\WooCommerce\Admin\Features\OnboardingTasks\Tasks\WooCommercePayments->can_view()
#7 [internal function]: Automattic\WooCommerce\Admin\Features\OnboardingTasks\TaskList->Automattic\WooCommerce\Admin\Features\OnboardingTasks\{closure}()
#8 /home/accountsseller/pvamarkets.com/wp-content/plugins/woocommerce/src/Admin/Features/OnboardingTasks/TaskList.php(305): array_filter()
#9 /home/accountsseller/pvamarkets.com/wp-content/plugins/woocommerce/src/Admin/Features/OnboardingTasks/TaskList.php(239): Automattic\WooCommerce\Admin\Features\OnboardingTasks\TaskList->get_viewable_tasks()
#10 /home/accountsseller/pvamarkets.com/wp-content/plugins/woocommerce/src/Admin/Features/OnboardingTasks/TaskList.php(327): Automattic\WooCommerce\Admin\Features\OnboardingTasks\TaskList->is_complete()
#11 /home/accountsseller/pvamarkets.com/wp-content/plugins/woocommerce/src/Admin/Features/OnboardingTasks/TaskList.php(403): Automattic\WooCommerce\Admin\Features\OnboardingTasks\TaskList->possibly_track_completion()
#12 /home/accountsseller/pvamarkets.com/wp-content/plugins/woocommerce/src/Admin/API/OnboardingTasks.php(745): Automattic\WooCommerce\Admin\Features\OnboardingTasks\TaskList->get_json()
#13 [internal function]: Automattic\WooCommerce\Admin\API\OnboardingTasks->Automattic\WooCommerce\Admin\API\{closure}()
#14 /home/accountsseller/pvamarkets.com/wp-content/plugins/woocommerce/src/Admin/API/OnboardingTasks.php(744): array_map()
#15 /home/accountsseller/pvamarkets.com/wp-includes/rest-api/class-wp-rest-server.php(1193): Automattic\WooCommerce\Admin\API\OnboardingTasks->get_tasks()
#16 /home/accountsseller/pvamarkets.com/wp-includes/rest-api/class-wp-rest-server.php(1041): WP_REST_Server->respond_to_request()
#17 /home/accountsseller/pvamarkets.com/wp-includes/rest-api/class-wp-rest-server.php(431): WP_REST_Server->dispatch()
#18 /home/accountsseller/pvamarkets.com/wp-includes/rest-api.php(424): WP_REST_Server->serve_request()
#19 /home/accountsseller/pvamarkets.com/wp-includes/class-wp-hook.php(324): rest_api_loaded()
#20 /home/accountsseller/pvamarkets.com/wp-includes/class-wp-hook.php(348): WP_Hook->apply_filters()
#21 /home/accountsseller/pvamarkets.com/wp-includes/plugin.php(565): WP_Hook->do_action()
#22 /home/accountsseller/pvamarkets.com/wp-includes/class-wp.php(418): do_action_ref_array()
#23 /home/accountsseller/pvamarkets.com/wp-includes/class-wp.php(813): WP->parse_request()
#24 /home/accountsseller/pvamarkets.com/wp-includes/functions.php(1336): WP->main()
#25 /home/accountsseller/pvamarkets.com/wp-blog-header.php(16): wp()
#26 /home/accountsseller/pvamarkets.com/index.php(17): require('/home/accountss...')
#27 {main}
  thrown in /home/accountsseller/pvamarkets.com/wp-content/themes/bcmarket-6/inc/woocommerce.php on line 391

2023-12-10T09:22:01+00:00 CRITICAL Uncaught Error: Call to a member function get_cart_contents() on null in /home/accountsseller/pvamarkets.com/wp-content/themes/bcmarket-6/inc/woocommerce.php:391
Stack trace:
#0 /home/accountsseller/pvamarkets.com/wp-includes/class-wp-hook.php(324): bcmarket_gateway_by_wallet()
#1 /home/accountsseller/pvamarkets.com/wp-includes/plugin.php(205): WP_Hook->apply_filters()
#2 /home/accountsseller/pvamarkets.com/wp-content/plugins/woocommerce/includes/class-wc-payment-gateways.php(163): apply_filters()
#3 /home/accountsseller/pvamarkets.com/wp-content/plugins/woocommerce/src/Admin/Features/OnboardingTasks/Tasks/Payments.php(93): WC_Payment_Gateways->get_available_payment_gateways()
#4 /home/accountsseller/pvamarkets.com/wp-content/plugins/woocommerce/src/Admin/Features/OnboardingTasks/Tasks/Payments.php(71): Automattic\WooCommerce\Admin\Features\OnboardingTasks\Tasks\Payments::has_gateways()
#5 /home/accountsseller/pvamarkets.com/wp-content/plugins/woocommerce/src/Admin/Features/OnboardingTasks/Tasks/WooCommercePayments.php(103): Automattic\WooCommerce\Admin\Features\OnboardingTasks\Tasks\Payments->is_complete()
#6 /home/accountsseller/pvamarkets.com/wp-content/plugins/woocommerce/src/Admin/Features/OnboardingTasks/TaskList.php(304): Automattic\WooCommerce\Admin\Features\OnboardingTasks\Tasks\WooCommercePayments->can_view()
#7 [internal function]: Automattic\WooCommerce\Admin\Features\OnboardingTasks\TaskList->Automattic\WooCommerce\Admin\Features\OnboardingTasks\{closure}()
#8 /home/accountsseller/pvamarkets.com/wp-content/plugins/woocommerce/src/Admin/Features/OnboardingTasks/TaskList.php(305): array_filter()
#9 /home/accountsseller/pvamarkets.com/wp-content/plugins/woocommerce/src/Admin/Features/OnboardingTasks/TaskList.php(239): Automattic\WooCommerce\Admin\Features\OnboardingTasks\TaskList->get_viewable_tasks()
#10 /home/accountsseller/pvamarkets.com/wp-content/plugins/woocommerce/src/Admin/Features/OnboardingTasks/TaskList.php(327): Automattic\WooCommerce\Admin\Features\OnboardingTasks\TaskList->is_complete()
#11 /home/accountsseller/pvamarkets.com/wp-content/plugins/woocommerce/src/Admin/Features/OnboardingTasks/TaskList.php(403): Automattic\WooCommerce\Admin\Features\OnboardingTasks\TaskList->possibly_track_completion()
#12 /home/accountsseller/pvamarkets.com/wp-content/plugins/woocommerce/src/Admin/API/OnboardingTasks.php(745): Automattic\WooCommerce\Admin\Features\OnboardingTasks\TaskList->get_json()
#13 [internal function]: Automattic\WooCommerce\Admin\API\OnboardingTasks->Automattic\WooCommerce\Admin\API\{closure}()
#14 /home/accountsseller/pvamarkets.com/wp-content/plugins/woocommerce/src/Admin/API/OnboardingTasks.php(744): array_map()
#15 /home/accountsseller/pvamarkets.com/wp-includes/rest-api/class-wp-rest-server.php(1193): Automattic\WooCommerce\Admin\API\OnboardingTasks->get_tasks()
#16 /home/accountsseller/pvamarkets.com/wp-includes/rest-api/class-wp-rest-server.php(1041): WP_REST_Server->respond_to_request()
#17 /home/accountsseller/pvamarkets.com/wp-includes/rest-api/class-wp-rest-server.php(431): WP_REST_Server->dispatch()
#18 /home/accountsseller/pvamarkets.com/wp-includes/rest-api.php(424): WP_REST_Server->serve_request()
#19 /home/accountsseller/pvamarkets.com/wp-includes/class-wp-hook.php(324): rest_api_loaded()
#20 /home/accountsseller/pvamarkets.com/wp-includes/class-wp-hook.php(348): WP_Hook->apply_filters()
#21 /home/accountsseller/pvamarkets.com/wp-includes/plugin.php(565): WP_Hook->do_action()
#22 /home/accountsseller/pvamarkets.com/wp-includes/class-wp.php(418): do_action_ref_array()
#23 /home/accountsseller/pvamarkets.com/wp-includes/class-wp.php(813): WP->parse_request()
#24 /home/accountsseller/pvamarkets.com/wp-includes/functions.php(1336): WP->main()
#25 /home/accountsseller/pvamarkets.com/wp-blog-header.php(16): wp()
#26 /home/accountsseller/pvamarkets.com/index.php(17): require('/home/accountss...')
#27 {main}
  thrown in /home/accountsseller/pvamarkets.com/wp-content/themes/bcmarket-6/inc/woocommerce.php on line 391

2023-12-10T13:09:26+00:00 CRITICAL Uncaught Error: Call to a member function get_cart_contents() on null in /home/accountsseller/pvamarkets.com/wp-content/themes/bcmarket-6/inc/woocommerce.php:391
Stack trace:
#0 /home/accountsseller/pvamarkets.com/wp-includes/class-wp-hook.php(324): bcmarket_gateway_by_wallet()
#1 /home/accountsseller/pvamarkets.com/wp-includes/plugin.php(205): WP_Hook->apply_filters()
#2 /home/accountsseller/pvamarkets.com/wp-content/plugins/woocommerce/includes/class-wc-payment-gateways.php(163): apply_filters()
#3 /home/accountsseller/pvamarkets.com/wp-content/plugins/woocommerce/src/Admin/Features/OnboardingTasks/Tasks/Payments.php(93): WC_Payment_Gateways->get_available_payment_gateways()
#4 /home/accountsseller/pvamarkets.com/wp-content/plugins/woocommerce/src/Admin/Features/OnboardingTasks/Tasks/Payments.php(71): Automattic\WooCommerce\Admin\Features\OnboardingTasks\Tasks\Payments::has_gateways()
#5 /home/accountsseller/pvamarkets.com/wp-content/plugins/woocommerce/src/Admin/Features/OnboardingTasks/Tasks/WooCommercePayments.php(103): Automattic\WooCommerce\Admin\Features\OnboardingTasks\Tasks\Payments->is_complete()
#6 /home/accountsseller/pvamarkets.com/wp-content/plugins/woocommerce/src/Admin/Features/OnboardingTasks/TaskList.php(304): Automattic\WooCommerce\Admin\Features\OnboardingTasks\Tasks\WooCommercePayments->can_view()
#7 [internal function]: Automattic\WooCommerce\Admin\Features\OnboardingTasks\TaskList->Automattic\WooCommerce\Admin\Features\OnboardingTasks\{closure}()
#8 /home/accountsseller/pvamarkets.com/wp-content/plugins/woocommerce/src/Admin/Features/OnboardingTasks/TaskList.php(305): array_filter()
#9 /home/accountsseller/pvamarkets.com/wp-content/plugins/woocommerce/src/Admin/Features/OnboardingTasks/TaskList.php(239): Automattic\WooCommerce\Admin\Features\OnboardingTasks\TaskList->get_viewable_tasks()
#10 /home/accountsseller/pvamarkets.com/wp-content/plugins/woocommerce/src/Admin/Features/OnboardingTasks/TaskList.php(327): Automattic\WooCommerce\Admin\Features\OnboardingTasks\TaskList->is_complete()
#11 /home/accountsseller/pvamarkets.com/wp-content/plugins/woocommerce/src/Admin/Features/OnboardingTasks/TaskList.php(403): Automattic\WooCommerce\Admin\Features\OnboardingTasks\TaskList->possibly_track_completion()
#12 /home/accountsseller/pvamarkets.com/wp-content/plugins/woocommerce/src/Admin/API/OnboardingTasks.php(745): Automattic\WooCommerce\Admin\Features\OnboardingTasks\TaskList->get_json()
#13 [internal function]: Automattic\WooCommerce\Admin\API\OnboardingTasks->Automattic\WooCommerce\Admin\API\{closure}()
#14 /home/accountsseller/pvamarkets.com/wp-content/plugins/woocommerce/src/Admin/API/OnboardingTasks.php(744): array_map()
#15 /home/accountsseller/pvamarkets.com/wp-includes/rest-api/class-wp-rest-server.php(1193): Automattic\WooCommerce\Admin\API\OnboardingTasks->get_tasks()
#16 /home/accountsseller/pvamarkets.com/wp-includes/rest-api/class-wp-rest-server.php(1041): WP_REST_Server->respond_to_request()
#17 /home/accountsseller/pvamarkets.com/wp-includes/rest-api/class-wp-rest-server.php(431): WP_REST_Server->dispatch()
#18 /home/accountsseller/pvamarkets.com/wp-includes/rest-api.php(424): WP_REST_Server->serve_request()
#19 /home/accountsseller/pvamarkets.com/wp-includes/class-wp-hook.php(324): rest_api_loaded()
#20 /home/accountsseller/pvamarkets.com/wp-includes/class-wp-hook.php(348): WP_Hook->apply_filters()
#21 /home/accountsseller/pvamarkets.com/wp-includes/plugin.php(565): WP_Hook->do_action()
#22 /home/accountsseller/pvamarkets.com/wp-includes/class-wp.php(418): do_action_ref_array()
#23 /home/accountsseller/pvamarkets.com/wp-includes/class-wp.php(813): WP->parse_request()
#24 /home/accountsseller/pvamarkets.com/wp-includes/functions.php(1336): WP->main()
#25 /home/accountsseller/pvamarkets.com/wp-blog-header.php(16): wp()
#26 /home/accountsseller/pvamarkets.com/index.php(17): require('/home/accountss...')
#27 {main}
  thrown in /home/accountsseller/pvamarkets.com/wp-content/themes/bcmarket-6/inc/woocommerce.php on line 391

2023-12-10T13:09:45+00:00 CRITICAL Uncaught Error: Call to a member function get_cart_contents() on null in /home/accountsseller/pvamarkets.com/wp-content/themes/bcmarket-6/inc/woocommerce.php:391
Stack trace:
#0 /home/accountsseller/pvamarkets.com/wp-includes/class-wp-hook.php(324): bcmarket_gateway_by_wallet()
#1 /home/accountsseller/pvamarkets.com/wp-includes/plugin.php(205): WP_Hook->apply_filters()
#2 /home/accountsseller/pvamarkets.com/wp-content/plugins/woocommerce/includes/class-wc-payment-gateways.php(163): apply_filters()
#3 /home/accountsseller/pvamarkets.com/wp-content/plugins/woocommerce/src/Admin/Features/OnboardingTasks/Tasks/Payments.php(93): WC_Payment_Gateways->get_available_payment_gateways()
#4 /home/accountsseller/pvamarkets.com/wp-content/plugins/woocommerce/src/Admin/Features/OnboardingTasks/Tasks/Payments.php(71): Automattic\WooCommerce\Admin\Features\OnboardingTasks\Tasks\Payments::has_gateways()
#5 /home/accountsseller/pvamarkets.com/wp-content/plugins/woocommerce/src/Admin/Features/OnboardingTasks/Tasks/WooCommercePayments.php(103): Automattic\WooCommerce\Admin\Features\OnboardingTasks\Tasks\Payments->is_complete()
#6 /home/accountsseller/pvamarkets.com/wp-content/plugins/woocommerce/src/Admin/Features/OnboardingTasks/TaskList.php(304): Automattic\WooCommerce\Admin\Features\OnboardingTasks\Tasks\WooCommercePayments->can_view()
#7 [internal function]: Automattic\WooCommerce\Admin\Features\OnboardingTasks\TaskList->Automattic\WooCommerce\Admin\Features\OnboardingTasks\{closure}()
#8 /home/accountsseller/pvamarkets.com/wp-content/plugins/woocommerce/src/Admin/Features/OnboardingTasks/TaskList.php(305): array_filter()
#9 /home/accountsseller/pvamarkets.com/wp-content/plugins/woocommerce/src/Admin/Features/OnboardingTasks/TaskList.php(239): Automattic\WooCommerce\Admin\Features\OnboardingTasks\TaskList->get_viewable_tasks()
#10 /home/accountsseller/pvamarkets.com/wp-content/plugins/woocommerce/src/Admin/Features/OnboardingTasks/TaskList.php(327): Automattic\WooCommerce\Admin\Features\OnboardingTasks\TaskList->is_complete()
#11 /home/accountsseller/pvamarkets.com/wp-content/plugins/woocommerce/src/Admin/Features/OnboardingTasks/TaskList.php(403): Automattic\WooCommerce\Admin\Features\OnboardingTasks\TaskList->possibly_track_completion()
#12 /home/accountsseller/pvamarkets.com/wp-content/plugins/woocommerce/src/Admin/API/OnboardingTasks.php(745): Automattic\WooCommerce\Admin\Features\OnboardingTasks\TaskList->get_json()
#13 [internal function]: Automattic\WooCommerce\Admin\API\OnboardingTasks->Automattic\WooCommerce\Admin\API\{closure}()
#14 /home/accountsseller/pvamarkets.com/wp-content/plugins/woocommerce/src/Admin/API/OnboardingTasks.php(744): array_map()
#15 /home/accountsseller/pvamarkets.com/wp-includes/rest-api/class-wp-rest-server.php(1193): Automattic\WooCommerce\Admin\API\OnboardingTasks->get_tasks()
#16 /home/accountsseller/pvamarkets.com/wp-includes/rest-api/class-wp-rest-server.php(1041): WP_REST_Server->respond_to_request()
#17 /home/accountsseller/pvamarkets.com/wp-includes/rest-api/class-wp-rest-server.php(431): WP_REST_Server->dispatch()
#18 /home/accountsseller/pvamarkets.com/wp-includes/rest-api.php(424): WP_REST_Server->serve_request()
#19 /home/accountsseller/pvamarkets.com/wp-includes/class-wp-hook.php(324): rest_api_loaded()
#20 /home/accountsseller/pvamarkets.com/wp-includes/class-wp-hook.php(348): WP_Hook->apply_filters()
#21 /home/accountsseller/pvamarkets.com/wp-includes/plugin.php(565): WP_Hook->do_action()
#22 /home/accountsseller/pvamarkets.com/wp-includes/class-wp.php(418): do_action_ref_array()
#23 /home/accountsseller/pvamarkets.com/wp-includes/class-wp.php(813): WP->parse_request()
#24 /home/accountsseller/pvamarkets.com/wp-includes/functions.php(1336): WP->main()
#25 /home/accountsseller/pvamarkets.com/wp-blog-header.php(16): wp()
#26 /home/accountsseller/pvamarkets.com/index.php(17): require('/home/accountss...')
#27 {main}
  thrown in /home/accountsseller/pvamarkets.com/wp-content/themes/bcmarket-6/inc/woocommerce.php on line 391

2023-12-10T14:39:27+00:00 CRITICAL Uncaught Error: Call to a member function get_cart_contents() on null in /home/accountsseller/pvamarkets.com/wp-content/themes/bcmarket-6/inc/woocommerce.php:391
Stack trace:
#0 /home/accountsseller/pvamarkets.com/wp-includes/class-wp-hook.php(324): bcmarket_gateway_by_wallet()
#1 /home/accountsseller/pvamarkets.com/wp-includes/plugin.php(205): WP_Hook->apply_filters()
#2 /home/accountsseller/pvamarkets.com/wp-content/plugins/woocommerce/includes/class-wc-payment-gateways.php(163): apply_filters()
#3 /home/accountsseller/pvamarkets.com/wp-content/plugins/woocommerce/src/Admin/Features/OnboardingTasks/Tasks/Payments.php(93): WC_Payment_Gateways->get_available_payment_gateways()
#4 /home/accountsseller/pvamarkets.com/wp-content/plugins/woocommerce/src/Admin/Features/OnboardingTasks/Tasks/Payments.php(71): Automattic\WooCommerce\Admin\Features\OnboardingTasks\Tasks\Payments::has_gateways()
#5 /home/accountsseller/pvamarkets.com/wp-content/plugins/woocommerce/src/Admin/Features/OnboardingTasks/Tasks/WooCommercePayments.php(103): Automattic\WooCommerce\Admin\Features\OnboardingTasks\Tasks\Payments->is_complete()
#6 /home/accountsseller/pvamarkets.com/wp-content/plugins/woocommerce/src/Admin/Features/OnboardingTasks/TaskList.php(304): Automattic\WooCommerce\Admin\Features\OnboardingTasks\Tasks\WooCommercePayments->can_view()
#7 [internal function]: Automattic\WooCommerce\Admin\Features\OnboardingTasks\TaskList->Automattic\WooCommerce\Admin\Features\OnboardingTasks\{closure}()
#8 /home/accountsseller/pvamarkets.com/wp-content/plugins/woocommerce/src/Admin/Features/OnboardingTasks/TaskList.php(305): array_filter()
#9 /home/accountsseller/pvamarkets.com/wp-content/plugins/woocommerce/src/Admin/Features/OnboardingTasks/TaskList.php(239): Automattic\WooCommerce\Admin\Features\OnboardingTasks\TaskList->get_viewable_tasks()
#10 /home/accountsseller/pvamarkets.com/wp-content/plugins/woocommerce/src/Admin/Features/OnboardingTasks/TaskList.php(327): Automattic\WooCommerce\Admin\Features\OnboardingTasks\TaskList->is_complete()
#11 /home/accountsseller/pvamarkets.com/wp-content/plugins/woocommerce/src/Admin/Features/OnboardingTasks/TaskList.php(403): Automattic\WooCommerce\Admin\Features\OnboardingTasks\TaskList->possibly_track_completion()
#12 /home/accountsseller/pvamarkets.com/wp-content/plugins/woocommerce/src/Admin/API/OnboardingTasks.php(745): Automattic\WooCommerce\Admin\Features\OnboardingTasks\TaskList->get_json()
#13 [internal function]: Automattic\WooCommerce\Admin\API\OnboardingTasks->Automattic\WooCommerce\Admin\API\{closure}()
#14 /home/accountsseller/pvamarkets.com/wp-content/plugins/woocommerce/src/Admin/API/OnboardingTasks.php(744): array_map()
#15 /home/accountsseller/pvamarkets.com/wp-includes/rest-api/class-wp-rest-server.php(1193): Automattic\WooCommerce\Admin\API\OnboardingTasks->get_tasks()
#16 /home/accountsseller/pvamarkets.com/wp-includes/rest-api/class-wp-rest-server.php(1041): WP_REST_Server->respond_to_request()
#17 /home/accountsseller/pvamarkets.com/wp-includes/rest-api/class-wp-rest-server.php(431): WP_REST_Server->dispatch()
#18 /home/accountsseller/pvamarkets.com/wp-includes/rest-api.php(424): WP_REST_Server->serve_request()
#19 /home/accountsseller/pvamarkets.com/wp-includes/class-wp-hook.php(324): rest_api_loaded()
#20 /home/accountsseller/pvamarkets.com/wp-includes/class-wp-hook.php(348): WP_Hook->apply_filters()
#21 /home/accountsseller/pvamarkets.com/wp-includes/plugin.php(565): WP_Hook->do_action()
#22 /home/accountsseller/pvamarkets.com/wp-includes/class-wp.php(418): do_action_ref_array()
#23 /home/accountsseller/pvamarkets.com/wp-includes/class-wp.php(813): WP->parse_request()
#24 /home/accountsseller/pvamarkets.com/wp-includes/functions.php(1336): WP->main()
#25 /home/accountsseller/pvamarkets.com/wp-blog-header.php(16): wp()
#26 /home/accountsseller/pvamarkets.com/index.php(17): require('/home/accountss...')
#27 {main}
  thrown in /home/accountsseller/pvamarkets.com/wp-content/themes/bcmarket-6/inc/woocommerce.php on line 391

2023-12-10T15:22:04+00:00 CRITICAL Uncaught Error: Call to a member function get_cart_contents() on null in /home/accountsseller/pvamarkets.com/wp-content/themes/bcmarket-6/inc/woocommerce.php:391
Stack trace:
#0 /home/accountsseller/pvamarkets.com/wp-includes/class-wp-hook.php(324): bcmarket_gateway_by_wallet()
#1 /home/accountsseller/pvamarkets.com/wp-includes/plugin.php(205): WP_Hook->apply_filters()
#2 /home/accountsseller/pvamarkets.com/wp-content/plugins/woocommerce/includes/class-wc-payment-gateways.php(163): apply_filters()
#3 /home/accountsseller/pvamarkets.com/wp-content/plugins/woocommerce/src/Admin/Features/OnboardingTasks/Tasks/Payments.php(93): WC_Payment_Gateways->get_available_payment_gateways()
#4 /home/accountsseller/pvamarkets.com/wp-content/plugins/woocommerce/src/Admin/Features/OnboardingTasks/Tasks/Payments.php(71): Automattic\WooCommerce\Admin\Features\OnboardingTasks\Tasks\Payments::has_gateways()
#5 /home/accountsseller/pvamarkets.com/wp-content/plugins/woocommerce/src/Admin/Features/OnboardingTasks/Tasks/WooCommercePayments.php(103): Automattic\WooCommerce\Admin\Features\OnboardingTasks\Tasks\Payments->is_complete()
#6 /home/accountsseller/pvamarkets.com/wp-content/plugins/woocommerce/src/Admin/Features/OnboardingTasks/TaskList.php(304): Automattic\WooCommerce\Admin\Features\OnboardingTasks\Tasks\WooCommercePayments->can_view()
#7 [internal function]: Automattic\WooCommerce\Admin\Features\OnboardingTasks\TaskList->Automattic\WooCommerce\Admin\Features\OnboardingTasks\{closure}()
#8 /home/accountsseller/pvamarkets.com/wp-content/plugins/woocommerce/src/Admin/Features/OnboardingTasks/TaskList.php(305): array_filter()
#9 /home/accountsseller/pvamarkets.com/wp-content/plugins/woocommerce/src/Admin/Features/OnboardingTasks/TaskList.php(239): Automattic\WooCommerce\Admin\Features\OnboardingTasks\TaskList->get_viewable_tasks()
#10 /home/accountsseller/pvamarkets.com/wp-content/plugins/woocommerce/src/Admin/Features/OnboardingTasks/TaskList.php(327): Automattic\WooCommerce\Admin\Features\OnboardingTasks\TaskList->is_complete()
#11 /home/accountsseller/pvamarkets.com/wp-content/plugins/woocommerce/src/Admin/Features/OnboardingTasks/TaskList.php(403): Automattic\WooCommerce\Admin\Features\OnboardingTasks\TaskList->possibly_track_completion()
#12 /home/accountsseller/pvamarkets.com/wp-content/plugins/woocommerce/src/Admin/API/OnboardingTasks.php(745): Automattic\WooCommerce\Admin\Features\OnboardingTasks\TaskList->get_json()
#13 [internal function]: Automattic\WooCommerce\Admin\API\OnboardingTasks->Automattic\WooCommerce\Admin\API\{closure}()
#14 /home/accountsseller/pvamarkets.com/wp-content/plugins/woocommerce/src/Admin/API/OnboardingTasks.php(744): array_map()
#15 /home/accountsseller/pvamarkets.com/wp-includes/rest-api/class-wp-rest-server.php(1193): Automattic\WooCommerce\Admin\API\OnboardingTasks->get_tasks()
#16 /home/accountsseller/pvamarkets.com/wp-includes/rest-api/class-wp-rest-server.php(1041): WP_REST_Server->respond_to_request()
#17 /home/accountsseller/pvamarkets.com/wp-includes/rest-api/class-wp-rest-server.php(431): WP_REST_Server->dispatch()
#18 /home/accountsseller/pvamarkets.com/wp-includes/rest-api.php(424): WP_REST_Server->serve_request()
#19 /home/accountsseller/pvamarkets.com/wp-includes/class-wp-hook.php(324): rest_api_loaded()
#20 /home/accountsseller/pvamarkets.com/wp-includes/class-wp-hook.php(348): WP_Hook->apply_filters()
#21 /home/accountsseller/pvamarkets.com/wp-includes/plugin.php(565): WP_Hook->do_action()
#22 /home/accountsseller/pvamarkets.com/wp-includes/class-wp.php(418): do_action_ref_array()
#23 /home/accountsseller/pvamarkets.com/wp-includes/class-wp.php(813): WP->parse_request()
#24 /home/accountsseller/pvamarkets.com/wp-includes/functions.php(1336): WP->main()
#25 /home/accountsseller/pvamarkets.com/wp-blog-header.php(16): wp()
#26 /home/accountsseller/pvamarkets.com/index.php(17): require('/home/accountss...')
#27 {main}
  thrown in /home/accountsseller/pvamarkets.com/wp-content/themes/bcmarket-6/inc/woocommerce.php on line 391

2023-12-10T15:22:13+00:00 CRITICAL Uncaught Error: Call to a member function get_cart_contents() on null in /home/accountsseller/pvamarkets.com/wp-content/themes/bcmarket-6/inc/woocommerce.php:391
Stack trace:
#0 /home/accountsseller/pvamarkets.com/wp-includes/class-wp-hook.php(324): bcmarket_gateway_by_wallet()
#1 /home/accountsseller/pvamarkets.com/wp-includes/plugin.php(205): WP_Hook->apply_filters()
#2 /home/accountsseller/pvamarkets.com/wp-content/plugins/woocommerce/includes/class-wc-payment-gateways.php(163): apply_filters()
#3 /home/accountsseller/pvamarkets.com/wp-content/plugins/woocommerce/src/Admin/Features/OnboardingTasks/Tasks/Payments.php(93): WC_Payment_Gateways->get_available_payment_gateways()
#4 /home/accountsseller/pvamarkets.com/wp-content/plugins/woocommerce/src/Admin/Features/OnboardingTasks/Tasks/Payments.php(71): Automattic\WooCommerce\Admin\Features\OnboardingTasks\Tasks\Payments::has_gateways()
#5 /home/accountsseller/pvamarkets.com/wp-content/plugins/woocommerce/src/Admin/Features/OnboardingTasks/Tasks/WooCommercePayments.php(103): Automattic\WooCommerce\Admin\Features\OnboardingTasks\Tasks\Payments->is_complete()
#6 /home/accountsseller/pvamarkets.com/wp-content/plugins/woocommerce/src/Admin/Features/OnboardingTasks/TaskList.php(304): Automattic\WooCommerce\Admin\Features\OnboardingTasks\Tasks\WooCommercePayments->can_view()
#7 [internal function]: Automattic\WooCommerce\Admin\Features\OnboardingTasks\TaskList->Automattic\WooCommerce\Admin\Features\OnboardingTasks\{closure}()
#8 /home/accountsseller/pvamarkets.com/wp-content/plugins/woocommerce/src/Admin/Features/OnboardingTasks/TaskList.php(305): array_filter()
#9 /home/accountsseller/pvamarkets.com/wp-content/plugins/woocommerce/src/Admin/Features/OnboardingTasks/TaskList.php(239): Automattic\WooCommerce\Admin\Features\OnboardingTasks\TaskList->get_viewable_tasks()
#10 /home/accountsseller/pvamarkets.com/wp-content/plugins/woocommerce/src/Admin/Features/OnboardingTasks/TaskList.php(327): Automattic\WooCommerce\Admin\Features\OnboardingTasks\TaskList->is_complete()
#11 /home/accountsseller/pvamarkets.com/wp-content/plugins/woocommerce/src/Admin/Features/OnboardingTasks/TaskList.php(403): Automattic\WooCommerce\Admin\Features\OnboardingTasks\TaskList->possibly_track_completion()
#12 /home/accountsseller/pvamarkets.com/wp-content/plugins/woocommerce/src/Admin/API/OnboardingTasks.php(745): Automattic\WooCommerce\Admin\Features\OnboardingTasks\TaskList->get_json()
#13 [internal function]: Automattic\WooCommerce\Admin\API\OnboardingTasks->Automattic\WooCommerce\Admin\API\{closure}()
#14 /home/accountsseller/pvamarkets.com/wp-content/plugins/woocommerce/src/Admin/API/OnboardingTasks.php(744): array_map()
#15 /home/accountsseller/pvamarkets.com/wp-includes/rest-api/class-wp-rest-server.php(1193): Automattic\WooCommerce\Admin\API\OnboardingTasks->get_tasks()
#16 /home/accountsseller/pvamarkets.com/wp-includes/rest-api/class-wp-rest-server.php(1041): WP_REST_Server->respond_to_request()
#17 /home/accountsseller/pvamarkets.com/wp-includes/rest-api/class-wp-rest-server.php(431): WP_REST_Server->dispatch()
#18 /home/accountsseller/pvamarkets.com/wp-includes/rest-api.php(424): WP_REST_Server->serve_request()
#19 /home/accountsseller/pvamarkets.com/wp-includes/class-wp-hook.php(324): rest_api_loaded()
#20 /home/accountsseller/pvamarkets.com/wp-includes/class-wp-hook.php(348): WP_Hook->apply_filters()
#21 /home/accountsseller/pvamarkets.com/wp-includes/plugin.php(565): WP_Hook->do_action()
#22 /home/accountsseller/pvamarkets.com/wp-includes/class-wp.php(418): do_action_ref_array()
#23 /home/accountsseller/pvamarkets.com/wp-includes/class-wp.php(813): WP->parse_request()
#24 /home/accountsseller/pvamarkets.com/wp-includes/functions.php(1336): WP->main()
#25 /home/accountsseller/pvamarkets.com/wp-blog-header.php(16): wp()
#26 /home/accountsseller/pvamarkets.com/index.php(17): require('/home/accountss...')
#27 {main}
  thrown in /home/accountsseller/pvamarkets.com/wp-content/themes/bcmarket-6/inc/woocommerce.php on line 391

2023-12-10T16:23:07+00:00 CRITICAL Uncaught Error: Call to a member function get_cart_contents() on null in /home/accountsseller/pvamarkets.com/wp-content/themes/bcmarket-6/inc/woocommerce.php:391
Stack trace:
#0 /home/accountsseller/pvamarkets.com/wp-includes/class-wp-hook.php(324): bcmarket_gateway_by_wallet()
#1 /home/accountsseller/pvamarkets.com/wp-includes/plugin.php(205): WP_Hook->apply_filters()
#2 /home/accountsseller/pvamarkets.com/wp-content/plugins/woocommerce/includes/class-wc-payment-gateways.php(163): apply_filters()
#3 /home/accountsseller/pvamarkets.com/wp-content/plugins/woocommerce/src/Admin/Features/OnboardingTasks/Tasks/Payments.php(93): WC_Payment_Gateways->get_available_payment_gateways()
#4 /home/accountsseller/pvamarkets.com/wp-content/plugins/woocommerce/src/Admin/Features/OnboardingTasks/Tasks/Payments.php(71): Automattic\WooCommerce\Admin\Features\OnboardingTasks\Tasks\Payments::has_gateways()
#5 /home/accountsseller/pvamarkets.com/wp-content/plugins/woocommerce/src/Admin/Features/OnboardingTasks/Tasks/WooCommercePayments.php(103): Automattic\WooCommerce\Admin\Features\OnboardingTasks\Tasks\Payments->is_complete()
#6 /home/accountsseller/pvamarkets.com/wp-content/plugins/woocommerce/src/Admin/Features/OnboardingTasks/TaskList.php(304): Automattic\WooCommerce\Admin\Features\OnboardingTasks\Tasks\WooCommercePayments->can_view()
#7 [internal function]: Automattic\WooCommerce\Admin\Features\OnboardingTasks\TaskList->Automattic\WooCommerce\Admin\Features\OnboardingTasks\{closure}()
#8 /home/accountsseller/pvamarkets.com/wp-content/plugins/woocommerce/src/Admin/Features/OnboardingTasks/TaskList.php(305): array_filter()
#9 /home/accountsseller/pvamarkets.com/wp-content/plugins/woocommerce/src/Admin/Features/OnboardingTasks/TaskList.php(239): Automattic\WooCommerce\Admin\Features\OnboardingTasks\TaskList->get_viewable_tasks()
#10 /home/accountsseller/pvamarkets.com/wp-content/plugins/woocommerce/src/Admin/Features/OnboardingTasks/TaskList.php(327): Automattic\WooCommerce\Admin\Features\OnboardingTasks\TaskList->is_complete()
#11 /home/accountsseller/pvamarkets.com/wp-content/plugins/woocommerce/src/Admin/Features/OnboardingTasks/TaskList.php(403): Automattic\WooCommerce\Admin\Features\OnboardingTasks\TaskList->possibly_track_completion()
#12 /home/accountsseller/pvamarkets.com/wp-content/plugins/woocommerce/src/Admin/API/OnboardingTasks.php(745): Automattic\WooCommerce\Admin\Features\OnboardingTasks\TaskList->get_json()
#13 [internal function]: Automattic\WooCommerce\Admin\API\OnboardingTasks->Automattic\WooCommerce\Admin\API\{closure}()
#14 /home/accountsseller/pvamarkets.com/wp-content/plugins/woocommerce/src/Admin/API/OnboardingTasks.php(744): array_map()
#15 /home/accountsseller/pvamarkets.com/wp-includes/rest-api/class-wp-rest-server.php(1193): Automattic\WooCommerce\Admin\API\OnboardingTasks->get_tasks()
#16 /home/accountsseller/pvamarkets.com/wp-includes/rest-api/class-wp-rest-server.php(1041): WP_REST_Server->respond_to_request()
#17 /home/accountsseller/pvamarkets.com/wp-includes/rest-api/class-wp-rest-server.php(431): WP_REST_Server->dispatch()
#18 /home/accountsseller/pvamarkets.com/wp-includes/rest-api.php(424): WP_REST_Server->serve_request()
#19 /home/accountsseller/pvamarkets.com/wp-includes/class-wp-hook.php(324): rest_api_loaded()
#20 /home/accountsseller/pvamarkets.com/wp-includes/class-wp-hook.php(348): WP_Hook->apply_filters()
#21 /home/accountsseller/pvamarkets.com/wp-includes/plugin.php(565): WP_Hook->do_action()
#22 /home/accountsseller/pvamarkets.com/wp-includes/class-wp.php(418): do_action_ref_array()
#23 /home/accountsseller/pvamarkets.com/wp-includes/class-wp.php(813): WP->parse_request()
#24 /home/accountsseller/pvamarkets.com/wp-includes/functions.php(1336): WP->main()
#25 /home/accountsseller/pvamarkets.com/wp-blog-header.php(16): wp()
#26 /home/accountsseller/pvamarkets.com/index.php(17): require('/home/accountss...')
#27 {main}
  thrown in /home/accountsseller/pvamarkets.com/wp-content/themes/bcmarket-6/inc/woocommerce.php on line 391

2023-12-10T17:06:06+00:00 CRITICAL Uncaught Error: Call to a member function get_cart_contents() on null in /home/accountsseller/pvamarkets.com/wp-content/themes/bcmarket-6/inc/woocommerce.php:391
Stack trace:
#0 /home/accountsseller/pvamarkets.com/wp-includes/class-wp-hook.php(324): bcmarket_gateway_by_wallet()
#1 /home/accountsseller/pvamarkets.com/wp-includes/plugin.php(205): WP_Hook->apply_filters()
#2 /home/accountsseller/pvamarkets.com/wp-content/plugins/woocommerce/includes/class-wc-payment-gateways.php(163): apply_filters()
#3 /home/accountsseller/pvamarkets.com/wp-content/plugins/woocommerce/src/Admin/Features/OnboardingTasks/Tasks/Payments.php(93): WC_Payment_Gateways->get_available_payment_gateways()
#4 /home/accountsseller/pvamarkets.com/wp-content/plugins/woocommerce/src/Admin/Features/OnboardingTasks/Tasks/Payments.php(71): Automattic\WooCommerce\Admin\Features\OnboardingTasks\Tasks\Payments::has_gateways()
#5 /home/accountsseller/pvamarkets.com/wp-content/plugins/woocommerce/src/Admin/Features/OnboardingTasks/Tasks/WooCommercePayments.php(103): Automattic\WooCommerce\Admin\Features\OnboardingTasks\Tasks\Payments->is_complete()
#6 /home/accountsseller/pvamarkets.com/wp-content/plugins/woocommerce/src/Admin/Features/OnboardingTasks/TaskList.php(304): Automattic\WooCommerce\Admin\Features\OnboardingTasks\Tasks\WooCommercePayments->can_view()
#7 [internal function]: Automattic\WooCommerce\Admin\Features\OnboardingTasks\TaskList->Automattic\WooCommerce\Admin\Features\OnboardingTasks\{closure}()
#8 /home/accountsseller/pvamarkets.com/wp-content/plugins/woocommerce/src/Admin/Features/OnboardingTasks/TaskList.php(305): array_filter()
#9 /home/accountsseller/pvamarkets.com/wp-content/plugins/woocommerce/src/Admin/Features/OnboardingTasks/TaskList.php(239): Automattic\WooCommerce\Admin\Features\OnboardingTasks\TaskList->get_viewable_tasks()
#10 /home/accountsseller/pvamarkets.com/wp-content/plugins/woocommerce/src/Admin/Features/OnboardingTasks/TaskList.php(327): Automattic\WooCommerce\Admin\Features\OnboardingTasks\TaskList->is_complete()
#11 /home/accountsseller/pvamarkets.com/wp-content/plugins/woocommerce/src/Admin/Features/OnboardingTasks/TaskList.php(403): Automattic\WooCommerce\Admin\Features\OnboardingTasks\TaskList->possibly_track_completion()
#12 /home/accountsseller/pvamarkets.com/wp-content/plugins/woocommerce/src/Admin/API/OnboardingTasks.php(745): Automattic\WooCommerce\Admin\Features\OnboardingTasks\TaskList->get_json()
#13 [internal function]: Automattic\WooCommerce\Admin\API\OnboardingTasks->Automattic\WooCommerce\Admin\API\{closure}()
#14 /home/accountsseller/pvamarkets.com/wp-content/plugins/woocommerce/src/Admin/API/OnboardingTasks.php(744): array_map()
#15 /home/accountsseller/pvamarkets.com/wp-includes/rest-api/class-wp-rest-server.php(1193): Automattic\WooCommerce\Admin\API\OnboardingTasks->get_tasks()
#16 /home/accountsseller/pvamarkets.com/wp-includes/rest-api/class-wp-rest-server.php(1041): WP_REST_Server->respond_to_request()
#17 /home/accountsseller/pvamarkets.com/wp-includes/rest-api/class-wp-rest-server.php(431): WP_REST_Server->dispatch()
#18 /home/accountsseller/pvamarkets.com/wp-includes/rest-api.php(424): WP_REST_Server->serve_request()
#19 /home/accountsseller/pvamarkets.com/wp-includes/class-wp-hook.php(324): rest_api_loaded()
#20 /home/accountsseller/pvamarkets.com/wp-includes/class-wp-hook.php(348): WP_Hook->apply_filters()
#21 /home/accountsseller/pvamarkets.com/wp-includes/plugin.php(565): WP_Hook->do_action()
#22 /home/accountsseller/pvamarkets.com/wp-includes/class-wp.php(418): do_action_ref_array()
#23 /home/accountsseller/pvamarkets.com/wp-includes/class-wp.php(813): WP->parse_request()
#24 /home/accountsseller/pvamarkets.com/wp-includes/functions.php(1336): WP->main()
#25 /home/accountsseller/pvamarkets.com/wp-blog-header.php(16): wp()
#26 /home/accountsseller/pvamarkets.com/index.php(17): require('/home/accountss...')
#27 {main}
  thrown in /home/accountsseller/pvamarkets.com/wp-content/themes/bcmarket-6/inc/woocommerce.php on line 391

2023-12-10T17:49:39+00:00 CRITICAL Uncaught Error: Call to a member function get_cart_contents() on null in /home/accountsseller/pvamarkets.com/wp-content/themes/bcmarket-6/inc/woocommerce.php:391
Stack trace:
#0 /home/accountsseller/pvamarkets.com/wp-includes/class-wp-hook.php(324): bcmarket_gateway_by_wallet()
#1 /home/accountsseller/pvamarkets.com/wp-includes/plugin.php(205): WP_Hook->apply_filters()
#2 /home/accountsseller/pvamarkets.com/wp-content/plugins/woocommerce/includes/class-wc-payment-gateways.php(163): apply_filters()
#3 /home/accountsseller/pvamarkets.com/wp-content/plugins/woocommerce/src/Internal/Admin/WcPayWelcomePage.php(292): WC_Payment_Gateways->get_available_payment_gateways()
#4 /home/accountsseller/pvamarkets.com/wp-content/plugins/woocommerce/src/Internal/Admin/WcPayWelcomePage.php(82): Automattic\WooCommerce\Internal\Admin\WcPayWelcomePage->get_incentive()
#5 /home/accountsseller/pvamarkets.com/wp-content/plugins/woocommerce/src/Internal/Admin/Notes/PaymentsMoreInfoNeeded.php(42): Automattic\WooCommerce\Internal\Admin\WcPayWelcomePage->must_be_visible()
#6 /home/accountsseller/pvamarkets.com/wp-content/plugins/woocommerce/src/Internal/Admin/Notes/PaymentsMoreInfoNeeded.php(63): Automattic\WooCommerce\Internal\Admin\Notes\PaymentsMoreInfoNeeded::should_display_note()
#7 /home/accountsseller/pvamarkets.com/wp-content/plugins/woocommerce/src/Admin/Notes/NoteTraits.php(83): Automattic\WooCommerce\Internal\Admin\Notes\PaymentsMoreInfoNeeded::get_note()
#8 /home/accountsseller/pvamarkets.com/wp-content/plugins/woocommerce/src/Internal/Admin/Events.php(198): Automattic\WooCommerce\Internal\Admin\Notes\PaymentsMoreInfoNeeded::possibly_add_note()
#9 /home/accountsseller/pvamarkets.com/wp-content/plugins/woocommerce/src/Internal/Admin/Events.php(145): Automattic\WooCommerce\Internal\Admin\Events->possibly_add_notes()
#10 /home/accountsseller/pvamarkets.com/wp-includes/class-wp-hook.php(324): Automattic\WooCommerce\Internal\Admin\Events->do_wc_admin_daily()
#11 /home/accountsseller/pvamarkets.com/wp-includes/class-wp-hook.php(348): WP_Hook->apply_filters()
#12 /home/accountsseller/pvamarkets.com/wp-includes/plugin.php(565): WP_Hook->do_action()
#13 /home/accountsseller/pvamarkets.com/wp-cron.php(191): do_action_ref_array()
#14 {main}
  thrown in /home/accountsseller/pvamarkets.com/wp-content/themes/bcmarket-6/inc/woocommerce.php on line 391

